2025-04-29 15:00:29,457 - __main__ - INFO - Creating preprocessor
2025-04-29 15:00:35,293 - utils.load_models - INFO - Pretrained pSp model loaded successfully.
2025-04-29 15:00:37,384 - utils.load_models - INFO - Pretrained 3D ResNet model loaded successfully.
2025-04-29 15:00:37,502 - __main__ - INFO - Starting video preprocessing
2025-04-29 15:00:37,513 - preprocess_all_videos - INFO - Processing real videos...
2025-04-29 15:00:37,755 - preprocess_all_videos - INFO - Found 86 videos in /mnt/d/deepfake_detector/dfdc/dfdc_train_part_00/dfdc_train_part_0/
2025-04-29 15:00:37,755 - preprocess_all_videos - INFO - Randomly selected 3 videos for processing
2025-04-29 15:00:37,804 - preprocess_all_videos - INFO - Processing fake videos...
2025-04-29 15:00:40,976 - preprocess_all_videos - INFO - Found 1248 videos in /mnt/d/deepfake_detector/dfdc/dfdc_train_part_00/dfdc_train_part_0/
2025-04-29 15:00:40,976 - preprocess_all_videos - INFO - Randomly selected 3 videos for processing
2025-04-29 15:00:41,009 - preprocess_all_videos - INFO - Total processed videos: 6
2025-04-29 15:00:41,010 - preprocess_all_videos - INFO - Valid videos: 6, Invalid: 0
2025-04-29 15:00:41,011 - preprocess_all_videos - INFO - Total processing time: 3.51 seconds (0.06 minutes)
2025-04-29 15:00:41,011 - preprocess_all_videos - INFO - Time per video: 0.58 seconds
2025-04-29 15:00:41,011 - __main__ - INFO - Creating dataloaders
2025-04-29 15:00:41,023 - dataset - INFO - Train dataset size: 0
2025-04-29 15:00:41,024 - dataset - INFO - Validation dataset size: 6
2025-04-29 15:00:41,024 - __main__ - INFO - Creating DeepfakeDetector model
2025-04-29 15:00:41,336 - __main__ - INFO - Loading model from /mnt/d/deepfake_detector/trained_models/0424_20h34m50s_FF32f32b/final_model.pt
2025-04-29 15:00:42,004 - __main__ - INFO - Running comprehensive analysis. Results will be saved to /mnt/d/deepfake_detector/evaluating-dfdc/FF32
2025-04-29 15:00:42,004 - __main__ - INFO - Collecting predictions on validation set
2025-04-29 15:00:42,872 - __main__ - INFO - Analysis complete. Accuracy: 0.6667, Precision: 1.0000, Recall: 0.3333, F1: 0.5000
2025-04-29 15:00:43,072 - __main__ - INFO - Confusion matrix saved to /mnt/d/deepfake_detector/evaluating-dfdc/FF32/confusion_matrix.png
2025-04-29 15:00:43,685 - __main__ - INFO - Decision boundaries visualization saved to /mnt/d/deepfake_detector/evaluating-dfdc/FF32/decision_boundaries.png
2025-04-29 15:00:43,946 - __main__ - INFO - Style temporal pattern analysis saved to /mnt/d/deepfake_detector/evaluating-dfdc/FF32/style_patterns.png
2025-04-29 15:00:44,125 - __main__ - INFO - Temporal style pattern analysis saved to /mnt/d/deepfake_detector/evaluating-dfdc/FF32/style_patterns_temporal.png
2025-04-29 15:00:44,131 - __main__ - INFO - Analysis report saved to /mnt/d/deepfake_detector/evaluating-dfdc/FF32/analysis_report.md
2025-04-29 15:00:44,131 - __main__ - INFO - Analysis complete. Accuracy: 0.6667, Precision: 1.0000, Recall: 0.3333, F1: 0.5000
2025-04-29 15:00:44,132 - __main__ - INFO - Analysis results saved to /mnt/d/deepfake_detector/evaluating-dfdc/FF32
2025-04-29 15:03:59,255 - __main__ - INFO - Creating preprocessor
2025-04-29 15:04:04,854 - utils.load_models - INFO - Pretrained pSp model loaded successfully.
2025-04-29 15:04:06,855 - utils.load_models - INFO - Pretrained 3D ResNet model loaded successfully.
2025-04-29 15:04:06,965 - __main__ - INFO - Starting video preprocessing
2025-04-29 15:04:06,975 - preprocess_all_videos - INFO - Processing real videos...
2025-04-29 15:04:07,173 - preprocess_all_videos - INFO - Found 86 videos in /mnt/d/deepfake_detector/dfdc/dfdc_train_part_00/dfdc_train_part_0/
2025-04-29 15:04:07,173 - preprocess_all_videos - INFO - Randomly selected 40 videos for processing
2025-04-29 15:13:12,970 - preprocess_all_videos - INFO - Processing fake videos...
2025-04-29 15:13:13,531 - preprocess_all_videos - INFO - Found 1248 videos in /mnt/d/deepfake_detector/dfdc/dfdc_train_part_00/dfdc_train_part_0/
2025-04-29 15:13:13,531 - preprocess_all_videos - INFO - Randomly selected 40 videos for processing
2025-04-29 15:22:41,830 - preprocess_all_videos - INFO - Total processed videos: 80
2025-04-29 15:22:41,830 - preprocess_all_videos - INFO - Valid videos: 80, Invalid: 0
2025-04-29 15:22:41,830 - preprocess_all_videos - INFO - Total processing time: 1114.86 seconds (18.58 minutes)
2025-04-29 15:22:41,830 - preprocess_all_videos - INFO - Time per video: 13.94 seconds
2025-04-29 15:22:41,830 - __main__ - INFO - Creating dataloaders
2025-04-29 15:22:41,831 - dataset - INFO - Train dataset size: 0
2025-04-29 15:22:41,831 - dataset - INFO - Validation dataset size: 80
2025-04-29 15:22:41,831 - __main__ - INFO - Creating DeepfakeDetector model
2025-04-29 15:22:42,053 - __main__ - INFO - Loading model from /mnt/d/deepfake_detector/trained_models/0424_20h34m50s_FF32f32b/final_model.pt
2025-04-29 15:22:42,561 - __main__ - INFO - Running comprehensive analysis. Results will be saved to /mnt/d/deepfake_detector/evaluating-dfdc/FF32
2025-04-29 15:22:42,561 - __main__ - INFO - Collecting predictions on validation set
2025-04-29 15:22:43,124 - __main__ - INFO - Analysis complete. Accuracy: 0.5000, Precision: 0.5000, Recall: 0.0750, F1: 0.1304
2025-04-29 15:22:43,352 - __main__ - INFO - Confusion matrix saved to /mnt/d/deepfake_detector/evaluating-dfdc/FF32/confusion_matrix.png
2025-04-29 15:22:44,157 - __main__ - INFO - Decision boundaries visualization saved to /mnt/d/deepfake_detector/evaluating-dfdc/FF32/decision_boundaries.png
2025-04-29 15:22:44,405 - __main__ - INFO - Style temporal pattern analysis saved to /mnt/d/deepfake_detector/evaluating-dfdc/FF32/style_patterns.png
2025-04-29 15:22:44,602 - __main__ - INFO - Temporal style pattern analysis saved to /mnt/d/deepfake_detector/evaluating-dfdc/FF32/style_patterns_temporal.png
2025-04-29 15:22:44,608 - __main__ - INFO - Analysis report saved to /mnt/d/deepfake_detector/evaluating-dfdc/FF32/analysis_report.md
2025-04-29 15:22:44,608 - __main__ - INFO - Analysis complete. Accuracy: 0.5000, Precision: 0.5000, Recall: 0.0750, F1: 0.1304
2025-04-29 15:22:44,608 - __main__ - INFO - Analysis results saved to /mnt/d/deepfake_detector/evaluating-dfdc/FF32
2025-04-29 15:34:13,410 - __main__ - INFO - Creating preprocessor
2025-04-29 15:34:19,982 - utils.load_models - INFO - Pretrained pSp model loaded successfully.
2025-04-29 15:34:21,860 - utils.load_models - INFO - Pretrained 3D ResNet model loaded successfully.
2025-04-29 15:34:21,965 - __main__ - INFO - Starting video preprocessing
2025-04-29 15:34:22,031 - preprocess_all_videos - INFO - Processing real videos...
2025-04-29 15:34:22,214 - preprocess_all_videos - INFO - Found 86 videos in /mnt/d/deepfake_detector/dfdc/dfdc_train_part_00/dfdc_train_part_0/
2025-04-29 15:34:22,214 - preprocess_all_videos - INFO - Randomly selected 40 videos for processing
2025-04-29 15:55:13,675 - preprocess_all_videos - INFO - Processing fake videos...
2025-04-29 15:55:16,430 - preprocess_all_videos - INFO - Found 1248 videos in /mnt/d/deepfake_detector/dfdc/dfdc_train_part_00/dfdc_train_part_0/
2025-04-29 15:55:16,431 - preprocess_all_videos - INFO - Randomly selected 40 videos for processing
2025-04-29 16:15:51,313 - preprocess_all_videos - INFO - Total processed videos: 80
2025-04-29 16:15:51,314 - preprocess_all_videos - INFO - Valid videos: 80, Invalid: 0
2025-04-29 16:15:51,314 - preprocess_all_videos - INFO - Total processing time: 2489.35 seconds (41.49 minutes)
2025-04-29 16:15:51,314 - preprocess_all_videos - INFO - Time per video: 31.12 seconds
2025-04-29 16:15:51,314 - __main__ - INFO - Creating dataloaders
2025-04-29 16:15:51,326 - dataset - INFO - Train dataset size: 0
2025-04-29 16:15:51,326 - dataset - INFO - Validation dataset size: 80
2025-04-29 16:15:51,330 - __main__ - INFO - Creating DeepfakeDetector model
2025-04-29 16:15:51,570 - __main__ - INFO - Loading model from /mnt/d/deepfake_detector/trained_models/0424_20h47m28s_CDF64f16b/final_model.pt
2025-04-29 16:15:52,426 - __main__ - INFO - Running comprehensive analysis. Results will be saved to /mnt/d/deepfake_detector/evaluating-dfdc/CDF64
2025-04-29 16:15:52,426 - __main__ - INFO - Collecting predictions on validation set
2025-04-29 16:15:53,084 - __main__ - INFO - Analysis complete. Accuracy: 0.5875, Precision: 0.6667, Recall: 0.3500, F1: 0.4590
2025-04-29 16:15:53,431 - __main__ - INFO - Confusion matrix saved to /mnt/d/deepfake_detector/evaluating-dfdc/CDF64/confusion_matrix.png
2025-04-29 16:15:54,315 - __main__ - INFO - Decision boundaries visualization saved to /mnt/d/deepfake_detector/evaluating-dfdc/CDF64/decision_boundaries.png
2025-04-29 16:15:54,589 - __main__ - INFO - Style temporal pattern analysis saved to /mnt/d/deepfake_detector/evaluating-dfdc/CDF64/style_patterns.png
2025-04-29 16:15:54,813 - __main__ - INFO - Temporal style pattern analysis saved to /mnt/d/deepfake_detector/evaluating-dfdc/CDF64/style_patterns_temporal.png
2025-04-29 16:15:54,819 - __main__ - INFO - Analysis report saved to /mnt/d/deepfake_detector/evaluating-dfdc/CDF64/analysis_report.md
2025-04-29 16:15:54,819 - __main__ - INFO - Analysis complete. Accuracy: 0.5875, Precision: 0.6667, Recall: 0.3500, F1: 0.4590
2025-04-29 16:15:54,819 - __main__ - INFO - Analysis results saved to /mnt/d/deepfake_detector/evaluating-dfdc/CDF64
2025-04-29 16:18:36,266 - __main__ - INFO - Creating preprocessor
2025-04-29 16:18:42,447 - utils.load_models - INFO - Pretrained pSp model loaded successfully.
2025-04-29 16:18:44,251 - utils.load_models - INFO - Pretrained 3D ResNet model loaded successfully.
2025-04-29 16:18:44,374 - __main__ - INFO - Starting video preprocessing
2025-04-29 16:18:44,384 - preprocess_all_videos - INFO - Processing real videos...
2025-04-29 16:18:44,625 - preprocess_all_videos - INFO - Found 86 videos in /mnt/d/deepfake_detector/dfdc/dfdc_train_part_00/dfdc_train_part_0/
2025-04-29 16:18:44,626 - preprocess_all_videos - INFO - Randomly selected 40 videos for processing
2025-04-29 16:18:44,971 - preprocess_all_videos - INFO - Processing fake videos...
2025-04-29 16:18:47,226 - preprocess_all_videos - INFO - Found 1248 videos in /mnt/d/deepfake_detector/dfdc/dfdc_train_part_00/dfdc_train_part_0/
2025-04-29 16:18:47,226 - preprocess_all_videos - INFO - Randomly selected 40 videos for processing
2025-04-29 16:18:47,587 - preprocess_all_videos - INFO - Total processed videos: 80
2025-04-29 16:18:47,587 - preprocess_all_videos - INFO - Valid videos: 80, Invalid: 0
2025-04-29 16:18:47,587 - preprocess_all_videos - INFO - Total processing time: 3.21 seconds (0.05 minutes)
2025-04-29 16:18:47,587 - preprocess_all_videos - INFO - Time per video: 0.04 seconds
2025-04-29 16:18:47,588 - __main__ - INFO - Creating dataloaders
2025-04-29 16:18:47,588 - dataset - INFO - Train dataset size: 0
2025-04-29 16:18:47,588 - dataset - INFO - Validation dataset size: 80
2025-04-29 16:18:47,588 - __main__ - INFO - Creating DeepfakeDetector model
2025-04-29 16:18:47,853 - __main__ - INFO - Loading model from /mnt/d/deepfake_detector/trained_models/0424_18h50m09s_CombinedDataset_64frames_1300perdir/final_model.pt
2025-04-29 16:22:30,009 - __main__ - INFO - Creating preprocessor
2025-04-29 16:22:35,581 - utils.load_models - INFO - Pretrained pSp model loaded successfully.
2025-04-29 16:22:35,204 - utils.load_models - INFO - Pretrained 3D ResNet model loaded successfully.
2025-04-29 16:22:35,323 - __main__ - INFO - Starting video preprocessing
2025-04-29 16:22:35,334 - preprocess_all_videos - INFO - Processing real videos...
2025-04-29 16:22:35,604 - preprocess_all_videos - INFO - Found 86 videos in /mnt/d/deepfake_detector/dfdc/dfdc_train_part_00/dfdc_train_part_0/
2025-04-29 16:22:35,605 - preprocess_all_videos - INFO - Randomly selected 40 videos for processing
2025-04-29 16:22:35,990 - preprocess_all_videos - INFO - Processing fake videos...
2025-04-29 16:22:38,920 - preprocess_all_videos - INFO - Found 1248 videos in /mnt/d/deepfake_detector/dfdc/dfdc_train_part_00/dfdc_train_part_0/
2025-04-29 16:22:38,921 - preprocess_all_videos - INFO - Randomly selected 40 videos for processing
2025-04-29 16:22:39,328 - preprocess_all_videos - INFO - Total processed videos: 80
2025-04-29 16:22:39,328 - preprocess_all_videos - INFO - Valid videos: 80, Invalid: 0
2025-04-29 16:22:39,328 - preprocess_all_videos - INFO - Total processing time: 4.01 seconds (0.07 minutes)
2025-04-29 16:22:39,329 - preprocess_all_videos - INFO - Time per video: 0.05 seconds
2025-04-29 16:22:39,329 - __main__ - INFO - Creating dataloaders
2025-04-29 16:22:39,329 - dataset - INFO - Train dataset size: 0
2025-04-29 16:22:39,329 - dataset - INFO - Validation dataset size: 80
2025-04-29 16:22:39,330 - __main__ - INFO - Creating DeepfakeDetector model
2025-04-29 16:22:39,608 - __main__ - INFO - Loading model from /mnt/d/deepfake_detector/trained_models/0424_18h50m09s_CombinedDataset_64frames_1300perdir/final_model.pt
2025-04-29 16:35:53,585 - __main__ - INFO - Creating preprocessor
2025-04-29 16:35:59,065 - utils.load_models - INFO - Pretrained pSp model loaded successfully.
2025-04-29 16:35:58,210 - utils.load_models - INFO - Pretrained 3D ResNet model loaded successfully.
2025-04-29 16:35:58,324 - __main__ - INFO - Starting video preprocessing
2025-04-29 16:35:58,334 - utils.preprocess_all_videos - INFO - Processing real videos...
2025-04-29 16:35:58,527 - utils.preprocess_all_videos - INFO - Found 86 videos in /mnt/d/deepfake_detector/dfdc/dfdc_train_part_00/dfdc_train_part_0/
2025-04-29 16:35:58,528 - utils.preprocess_all_videos - INFO - Randomly selected 40 videos for processing
2025-04-29 16:35:58,878 - utils.preprocess_all_videos - INFO - Processing fake videos...
2025-04-29 16:36:01,422 - utils.preprocess_all_videos - INFO - Found 1248 videos in /mnt/d/deepfake_detector/dfdc/dfdc_train_part_00/dfdc_train_part_0/
2025-04-29 16:36:01,423 - utils.preprocess_all_videos - INFO - Randomly selected 40 videos for processing
2025-04-29 16:36:01,802 - utils.preprocess_all_videos - INFO - Total processed videos: 80
2025-04-29 16:36:01,802 - utils.preprocess_all_videos - INFO - Valid videos: 80, Invalid: 0
2025-04-29 16:36:01,802 - utils.preprocess_all_videos - INFO - Total processing time: 3.48 seconds (0.06 minutes)
2025-04-29 16:36:01,802 - utils.preprocess_all_videos - INFO - Time per video: 0.04 seconds
2025-04-29 16:36:01,802 - __main__ - INFO - Creating dataloaders
2025-04-29 16:36:01,803 - dataset - INFO - Train dataset size: 0
2025-04-29 16:36:01,803 - dataset - INFO - Validation dataset size: 80
2025-04-29 16:36:01,803 - __main__ - INFO - Creating DeepfakeDetector model
2025-04-29 16:36:02,088 - __main__ - INFO - Loading model from /mnt/d/deepfake_detector/trained_models/0429_16h26m05s_CombinedDatasetv2/final_model.pt
2025-04-29 16:36:02,597 - __main__ - INFO - Running comprehensive analysis. Results will be saved to /mnt/d/deepfake_detector/evaluating-dfdc/Combined64
2025-04-29 16:36:02,597 - __main__ - INFO - Collecting predictions on validation set
2025-04-29 16:36:03,796 - __main__ - INFO - Analysis complete. Accuracy: 0.5375, Precision: 0.5429, Recall: 0.4750, F1: 0.5067
2025-04-29 16:36:04,008 - __main__ - INFO - Confusion matrix saved to /mnt/d/deepfake_detector/evaluating-dfdc/Combined64/confusion_matrix.png
2025-04-29 16:36:04,647 - __main__ - INFO - Decision boundaries visualization saved to /mnt/d/deepfake_detector/evaluating-dfdc/Combined64/decision_boundaries.png
2025-04-29 16:36:04,859 - __main__ - INFO - Style temporal pattern analysis saved to /mnt/d/deepfake_detector/evaluating-dfdc/Combined64/style_patterns.png
2025-04-29 16:36:05,039 - __main__ - INFO - Temporal style pattern analysis saved to /mnt/d/deepfake_detector/evaluating-dfdc/Combined64/style_patterns_temporal.png
2025-04-29 16:36:05,045 - __main__ - INFO - Analysis report saved to /mnt/d/deepfake_detector/evaluating-dfdc/Combined64/analysis_report.md
2025-04-29 16:36:05,045 - __main__ - INFO - Analysis complete. Accuracy: 0.5375, Precision: 0.5429, Recall: 0.4750, F1: 0.5067
2025-04-29 16:36:05,045 - __main__ - INFO - Analysis results saved to /mnt/d/deepfake_detector/evaluating-dfdc/Combined64
2025-04-29 16:38:00,303 - __main__ - INFO - Creating preprocessor
2025-04-29 16:38:05,831 - utils.load_models - INFO - Pretrained pSp model loaded successfully.
2025-04-29 16:38:07,659 - utils.load_models - INFO - Pretrained 3D ResNet model loaded successfully.
2025-04-29 16:38:07,758 - __main__ - INFO - Starting video preprocessing
2025-04-29 16:38:07,768 - utils.preprocess_all_videos - INFO - Processing real videos...
2025-04-29 16:38:07,958 - utils.preprocess_all_videos - INFO - Found 86 videos in /mnt/d/deepfake_detector/dfdc/dfdc_train_part_00/dfdc_train_part_0/
2025-04-29 16:38:07,959 - utils.preprocess_all_videos - INFO - Randomly selected 40 videos for processing
2025-04-29 16:38:08,261 - utils.preprocess_all_videos - INFO - Processing fake videos...
2025-04-29 16:38:10,314 - utils.preprocess_all_videos - INFO - Found 1248 videos in /mnt/d/deepfake_detector/dfdc/dfdc_train_part_00/dfdc_train_part_0/
2025-04-29 16:38:10,315 - utils.preprocess_all_videos - INFO - Randomly selected 40 videos for processing
2025-04-29 16:38:10,558 - utils.preprocess_all_videos - INFO - Total processed videos: 80
2025-04-29 16:38:10,558 - utils.preprocess_all_videos - INFO - Valid videos: 80, Invalid: 0
2025-04-29 16:38:10,559 - utils.preprocess_all_videos - INFO - Total processing time: 2.80 seconds (0.05 minutes)
2025-04-29 16:38:10,559 - utils.preprocess_all_videos - INFO - Time per video: 0.04 seconds
2025-04-29 16:38:10,559 - __main__ - INFO - Creating dataloaders
2025-04-29 16:38:10,559 - dataset - INFO - Train dataset size: 0
2025-04-29 16:38:10,560 - dataset - INFO - Validation dataset size: 80
2025-04-29 16:38:10,560 - __main__ - INFO - Creating DeepfakeDetector model
2025-04-29 16:38:10,826 - __main__ - INFO - Loading model from /mnt/d/deepfake_detector/trained_models/0424_20h47m28s_CDF64f16b/final_model.pt
2025-04-29 16:38:11,566 - __main__ - INFO - Running comprehensive analysis. Results will be saved to /mnt/d/deepfake_detector/evaluating-dfdc/CDF64
2025-04-29 16:38:11,566 - __main__ - INFO - Collecting predictions on validation set
2025-04-29 16:38:12,596 - __main__ - INFO - Analysis complete. Accuracy: 0.5875, Precision: 0.6667, Recall: 0.3500, F1: 0.4590
2025-04-29 16:38:12,786 - __main__ - INFO - Confusion matrix saved to /mnt/d/deepfake_detector/evaluating-dfdc/CDF64/confusion_matrix.png
2025-04-29 16:38:13,356 - __main__ - INFO - Decision boundaries visualization saved to /mnt/d/deepfake_detector/evaluating-dfdc/CDF64/decision_boundaries.png
2025-04-29 16:38:13,593 - __main__ - INFO - Style temporal pattern analysis saved to /mnt/d/deepfake_detector/evaluating-dfdc/CDF64/style_patterns.png
2025-04-29 16:38:13,787 - __main__ - INFO - Temporal style pattern analysis saved to /mnt/d/deepfake_detector/evaluating-dfdc/CDF64/style_patterns_temporal.png
2025-04-29 16:38:13,794 - __main__ - INFO - Analysis report saved to /mnt/d/deepfake_detector/evaluating-dfdc/CDF64/analysis_report.md
2025-04-29 16:38:13,794 - __main__ - INFO - Analysis complete. Accuracy: 0.5875, Precision: 0.6667, Recall: 0.3500, F1: 0.4590
2025-04-29 16:38:13,794 - __main__ - INFO - Analysis results saved to /mnt/d/deepfake_detector/evaluating-dfdc/CDF64
