2025-04-22 12:17:24,296 - __main__ - INFO - Starting main training loop.
2025-04-22 12:17:24,298 - __main__ - INFO - Arguments parsed: Namespace(real_dir='/mnt/d/deepfake_/original_sequences', fake_dir='/mnt/d/deepfake_/manipulated_sequences', device='cuda', output_dir='results', checkpoint_dir='checkpoints', cache_dir='/mnt/d/preprocessed_cache', force_reprocess=False)
2025-04-22 12:17:24,301 - __main__ - INFO - Using device: cuda
2025-04-22 12:17:24,301 - __main__ - INFO - Hyperparameters: batch_size=64, num_frames=32, epochs=20, lr=0.0010
2025-04-22 12:17:24,302 - __main__ - INFO - Loading pretrained pSp encoder and 3D ResNet model.
2025-04-22 12:17:30,475 - utils.load_models - INFO - Pretrained pSp model loaded successfully.
2025-04-22 12:17:30,496 - __main__ - INFO - Loading 3D ResNet model.
2025-04-22 12:17:31,770 - utils.load_models - INFO - Pretrained 3D ResNet model loaded successfully.
2025-04-22 12:17:31,771 - __main__ - INFO - Creating preprocessor.
2025-04-22 12:17:32,328 - __main__ - INFO - Starting video preprocessing...
2025-04-22 12:17:32,334 - preprocess - INFO - Processing real videos...
2025-04-22 12:17:32,339 - preprocess - INFO - Found 363 videos in /mnt/d/deepfake_/original_sequences
2025-04-22 12:17:32,339 - preprocess - INFO - Selected first 250 videos for processing
2025-04-22 12:17:37,062 - preprocess - INFO - Processing fake videos...
2025-04-22 12:17:37,079 - preprocess - INFO - Found 3068 videos in /mnt/d/deepfake_/manipulated_sequences
2025-04-22 12:17:37,079 - preprocess - INFO - Selected first 250 videos for processing
2025-04-22 13:05:54,178 - __main__ - INFO - Starting main training loop.
2025-04-22 13:05:54,180 - __main__ - INFO - Arguments parsed: Namespace(real_dir='./videos/real', fake_dir='./videos/fake', device='cuda', output_dir='results', checkpoint_dir='checkpoints', cache_dir='/mnt/d/preprocessed_cache', force_reprocess=False)
2025-04-22 13:05:54,182 - __main__ - INFO - Final model directory: results04-22_13:05:54_model
2025-04-22 13:05:54,245 - __main__ - INFO - Using device: cuda
2025-04-22 13:05:54,245 - __main__ - INFO - Hyperparameters: batch_size=64, num_frames=32, epochs=20, lr=0.0010
2025-04-22 13:05:54,245 - __main__ - INFO - Loading pretrained pSp encoder and 3D ResNet model.
2025-04-22 13:06:00,696 - utils.load_models - INFO - Pretrained pSp model loaded successfully.
2025-04-22 13:06:00,712 - __main__ - INFO - Loading 3D ResNet model.
2025-04-22 13:06:01,834 - utils.load_models - INFO - Pretrained 3D ResNet model loaded successfully.
2025-04-22 13:06:01,834 - __main__ - INFO - Creating preprocessor.
2025-04-22 13:06:02,269 - __main__ - INFO - Starting video preprocessing...
2025-04-22 13:06:02,274 - preprocess - INFO - Processing real videos...
2025-04-22 13:06:07,347 - __main__ - INFO - Starting main training loop.
2025-04-22 13:07:09,711 - __main__ - INFO - Starting main training loop.
2025-04-22 13:07:44,432 - __main__ - INFO - Starting main training loop.
2025-04-22 13:07:44,433 - __main__ - INFO - Arguments parsed: Namespace(real_dir='/mnt/d/deepfake_detector/deepfake_dataset/original_sequences', fake_dir='/mnt/d/deepfake_detector/deepfake_dataset/manipulated_sequences', device='cuda', output_dir='/mnt/d/deepfake_detector/trained_models', checkpoint_dir='/mnt/d/deepfake_detector/checkpoints', cache_dir='/mnt/d/deepfake_detector/preprocessed_cache', force_reprocess=False)
2025-04-22 13:07:44,437 - __main__ - INFO - Final model directory: /mnt/d/deepfake_detector/trained_models04-22_13:07:44_model
2025-04-22 13:07:44,443 - __main__ - INFO - Using device: cuda
2025-04-22 13:07:44,443 - __main__ - INFO - Hyperparameters: batch_size=64, num_frames=32, epochs=20, lr=0.0010
2025-04-22 13:07:44,443 - __main__ - INFO - Loading pretrained pSp encoder and 3D ResNet model.
2025-04-22 13:07:50,659 - utils.load_models - INFO - Pretrained pSp model loaded successfully.
2025-04-22 13:07:50,678 - __main__ - INFO - Loading 3D ResNet model.
2025-04-22 13:07:51,854 - utils.load_models - INFO - Pretrained 3D ResNet model loaded successfully.
2025-04-22 13:07:51,854 - __main__ - INFO - Creating preprocessor.
2025-04-22 13:07:52,328 - __main__ - INFO - Starting video preprocessing...
2025-04-22 13:07:52,335 - preprocess - INFO - Processing real videos...
2025-04-22 13:07:52,397 - preprocess - INFO - Found 363 videos in /mnt/d/deepfake_detector/deepfake_dataset/original_sequences
2025-04-22 13:07:52,397 - preprocess - INFO - Selected first 250 videos for processing
2025-04-22 13:07:54,157 - preprocess - INFO - Processing fake videos...
2025-04-22 13:07:54,189 - preprocess - INFO - Found 3068 videos in /mnt/d/deepfake_detector/deepfake_dataset/manipulated_sequences
2025-04-22 13:07:54,190 - preprocess - INFO - Selected first 250 videos for processing
2025-04-22 13:07:56,901 - preprocess - INFO - Total processed videos: 500
2025-04-22 13:07:56,901 - preprocess - INFO - Valid videos: 500, Invalid: 0
2025-04-22 13:07:56,901 - __main__ - INFO - Creating traing/validation dataloaders.
2025-04-22 13:07:56,902 - dataset - INFO - Train dataset size: 400
2025-04-22 13:07:56,902 - dataset - INFO - Validation dataset size: 100
2025-04-22 13:07:56,902 - __main__ - INFO - Creating DeepfakeDetector model.
2025-04-22 13:07:56,975 - __main__ - INFO - Begin training.
2025-04-22 13:07:56,976 - train - INFO - Begin training model on device: cuda
2025-04-22 13:07:56,976 - train - INFO - Number of epochs: 20, Learning rate: 0.001
2025-04-22 13:07:56,976 - train - INFO - Training data: 7 batches
2025-04-22 13:07:56,976 - train - INFO - Validation data: 2 batches
2025-04-22 13:07:57,088 - train - INFO - Starting training loop
2025-04-22 13:07:57,089 - train - INFO - Epoch 1/20 - Training phase started
2025-04-22 13:07:58,288 - train - INFO - Batch 0 - Loss: 0.6955
2025-04-22 13:07:58,685 - train - INFO - Epoch 1/20 - Training completed: Loss=0.6526, Accuracy=0.6025
2025-04-22 13:07:58,685 - train - INFO - Epoch 1/20 - Validation phase started
2025-04-22 13:07:59,094 - train - INFO - Epoch 1/20 - Validation completed: Loss=0.6354, Accuracy=0.5900
2025-04-22 13:07:59,889 - train - INFO - Checkpoint saved at /mnt/d/deepfake_detector/checkpoints/model_epoch_1.pt
2025-04-22 13:08:00,737 - train - INFO - New best model saved at /mnt/d/deepfake_detector/checkpoints/best_model.pt with validation loss: 0.6354
2025-04-22 13:08:00,737 - train - INFO - Epoch 2/20 - Training phase started
2025-04-22 13:08:01,326 - train - INFO - Batch 0 - Loss: 0.5989
2025-04-22 13:08:01,817 - train - INFO - Epoch 2/20 - Training completed: Loss=0.5622, Accuracy=0.7025
2025-04-22 13:08:01,818 - train - INFO - Epoch 2/20 - Validation phase started
2025-04-22 13:08:02,292 - train - INFO - Epoch 2/20 - Validation completed: Loss=0.5358, Accuracy=0.7400
2025-04-22 13:08:05,230 - train - INFO - Checkpoint saved at /mnt/d/deepfake_detector/checkpoints/model_epoch_2.pt
2025-04-22 13:08:06,089 - train - INFO - New best model saved at /mnt/d/deepfake_detector/checkpoints/best_model.pt with validation loss: 0.5358
2025-04-22 13:08:06,089 - train - INFO - Epoch 3/20 - Training phase started
2025-04-22 13:08:06,675 - train - INFO - Batch 0 - Loss: 0.4468
2025-04-22 13:08:07,131 - train - INFO - Epoch 3/20 - Training completed: Loss=0.6654, Accuracy=0.6275
2025-04-22 13:08:07,132 - train - INFO - Epoch 3/20 - Validation phase started
2025-04-22 13:08:07,521 - train - INFO - Epoch 3/20 - Validation completed: Loss=0.5929, Accuracy=0.6100
2025-04-22 13:08:08,315 - train - INFO - Checkpoint saved at /mnt/d/deepfake_detector/checkpoints/model_epoch_3.pt
2025-04-22 13:08:08,315 - train - INFO - Epoch 4/20 - Training phase started
2025-04-22 13:08:08,759 - train - INFO - Batch 0 - Loss: 0.4140
2025-04-22 13:08:09,147 - train - INFO - Epoch 4/20 - Training completed: Loss=0.4930, Accuracy=0.7725
2025-04-22 13:08:09,147 - train - INFO - Epoch 4/20 - Validation phase started
2025-04-22 13:08:09,524 - train - INFO - Epoch 4/20 - Validation completed: Loss=0.6180, Accuracy=0.6200
2025-04-22 13:08:10,321 - train - INFO - Checkpoint saved at /mnt/d/deepfake_detector/checkpoints/model_epoch_4.pt
2025-04-22 13:08:10,322 - train - INFO - Epoch 5/20 - Training phase started
2025-04-22 13:08:10,761 - train - INFO - Batch 0 - Loss: 0.4582
2025-04-22 13:08:11,176 - train - INFO - Epoch 5/20 - Training completed: Loss=0.6027, Accuracy=0.7425
2025-04-22 13:08:11,177 - train - INFO - Epoch 5/20 - Validation phase started
2025-04-22 13:08:11,565 - train - INFO - Epoch 5/20 - Validation completed: Loss=0.5317, Accuracy=0.7700
2025-04-22 13:08:12,286 - train - INFO - Checkpoint saved at /mnt/d/deepfake_detector/checkpoints/model_epoch_5.pt
2025-04-22 13:08:13,101 - train - INFO - New best model saved at /mnt/d/deepfake_detector/checkpoints/best_model.pt with validation loss: 0.5317
2025-04-22 13:08:13,102 - train - INFO - Epoch 6/20 - Training phase started
2025-04-22 13:08:13,620 - train - INFO - Batch 0 - Loss: 0.5907
2025-04-22 13:08:14,042 - train - INFO - Epoch 6/20 - Training completed: Loss=0.4886, Accuracy=0.7600
2025-04-22 13:08:14,042 - train - INFO - Epoch 6/20 - Validation phase started
2025-04-22 13:08:14,440 - train - INFO - Epoch 6/20 - Validation completed: Loss=0.5314, Accuracy=0.7300
2025-04-22 13:08:15,247 - train - INFO - Checkpoint saved at /mnt/d/deepfake_detector/checkpoints/model_epoch_6.pt
2025-04-22 13:08:16,026 - train - INFO - New best model saved at /mnt/d/deepfake_detector/checkpoints/best_model.pt with validation loss: 0.5314
2025-04-22 13:08:16,026 - train - INFO - Epoch 7/20 - Training phase started
2025-04-22 13:08:16,550 - train - INFO - Batch 0 - Loss: 0.5222
2025-04-22 13:08:16,935 - train - INFO - Epoch 7/20 - Training completed: Loss=0.8432, Accuracy=0.6625
2025-04-22 13:08:16,935 - train - INFO - Epoch 7/20 - Validation phase started
2025-04-22 13:08:17,308 - train - INFO - Epoch 7/20 - Validation completed: Loss=0.5119, Accuracy=0.7600
2025-04-22 13:08:18,087 - train - INFO - Checkpoint saved at /mnt/d/deepfake_detector/checkpoints/model_epoch_7.pt
2025-04-22 13:08:18,838 - train - INFO - New best model saved at /mnt/d/deepfake_detector/checkpoints/best_model.pt with validation loss: 0.5119
2025-04-22 13:08:18,838 - train - INFO - Epoch 8/20 - Training phase started
2025-04-22 13:08:19,421 - train - INFO - Batch 0 - Loss: 0.9043
2025-04-22 13:08:19,842 - train - INFO - Epoch 8/20 - Training completed: Loss=0.6323, Accuracy=0.6375
2025-04-22 13:08:19,843 - train - INFO - Epoch 8/20 - Validation phase started
2025-04-22 13:08:20,251 - train - INFO - Epoch 8/20 - Validation completed: Loss=0.4971, Accuracy=0.7900
2025-04-22 13:08:21,069 - train - INFO - Checkpoint saved at /mnt/d/deepfake_detector/checkpoints/model_epoch_8.pt
2025-04-22 13:08:21,838 - train - INFO - New best model saved at /mnt/d/deepfake_detector/checkpoints/best_model.pt with validation loss: 0.4971
2025-04-22 13:08:21,839 - train - INFO - Epoch 9/20 - Training phase started
2025-04-22 13:08:22,452 - train - INFO - Batch 0 - Loss: 0.4702
2025-04-22 13:08:22,869 - train - INFO - Epoch 9/20 - Training completed: Loss=0.6471, Accuracy=0.6600
2025-04-22 13:08:22,869 - train - INFO - Epoch 9/20 - Validation phase started
2025-04-22 13:08:23,306 - train - INFO - Epoch 9/20 - Validation completed: Loss=0.5365, Accuracy=0.7500
2025-04-22 13:08:24,053 - train - INFO - Checkpoint saved at /mnt/d/deepfake_detector/checkpoints/model_epoch_9.pt
2025-04-22 13:08:24,053 - train - INFO - Epoch 10/20 - Training phase started
2025-04-22 13:08:24,526 - train - INFO - Batch 0 - Loss: 0.8442
2025-04-22 13:08:24,923 - train - INFO - Epoch 10/20 - Training completed: Loss=0.8635, Accuracy=0.6625
2025-04-22 13:08:24,923 - train - INFO - Epoch 10/20 - Validation phase started
2025-04-22 13:08:25,329 - train - INFO - Epoch 10/20 - Validation completed: Loss=0.5454, Accuracy=0.7600
2025-04-22 13:08:26,106 - train - INFO - Checkpoint saved at /mnt/d/deepfake_detector/checkpoints/model_epoch_10.pt
2025-04-22 13:08:26,107 - train - INFO - Epoch 11/20 - Training phase started
2025-04-22 13:08:26,586 - train - INFO - Batch 0 - Loss: 0.4063
2025-04-22 13:08:26,996 - train - INFO - Epoch 11/20 - Training completed: Loss=0.7834, Accuracy=0.6600
2025-04-22 13:08:26,996 - train - INFO - Epoch 11/20 - Validation phase started
2025-04-22 13:08:27,405 - train - INFO - Epoch 11/20 - Validation completed: Loss=0.6643, Accuracy=0.5000
2025-04-22 13:08:28,254 - train - INFO - Checkpoint saved at /mnt/d/deepfake_detector/checkpoints/model_epoch_11.pt
2025-04-22 13:08:28,255 - train - INFO - Epoch 12/20 - Training phase started
2025-04-22 13:08:28,794 - train - INFO - Batch 0 - Loss: 0.6428
2025-04-22 13:08:29,239 - train - INFO - Epoch 12/20 - Training completed: Loss=0.5243, Accuracy=0.7275
2025-04-22 13:08:29,239 - train - INFO - Epoch 12/20 - Validation phase started
2025-04-22 13:08:29,695 - train - INFO - Epoch 12/20 - Validation completed: Loss=0.5050, Accuracy=0.8100
2025-04-22 13:08:30,512 - train - INFO - Checkpoint saved at /mnt/d/deepfake_detector/checkpoints/model_epoch_12.pt
2025-04-22 13:08:30,513 - train - INFO - Epoch 13/20 - Training phase started
2025-04-22 13:08:31,000 - train - INFO - Batch 0 - Loss: 0.4767
2025-04-22 13:08:31,441 - train - INFO - Epoch 13/20 - Training completed: Loss=0.5638, Accuracy=0.7000
2025-04-22 13:08:31,442 - train - INFO - Epoch 13/20 - Validation phase started
2025-04-22 13:08:31,863 - train - INFO - Epoch 13/20 - Validation completed: Loss=0.4907, Accuracy=0.8100
2025-04-22 13:08:32,730 - train - INFO - Checkpoint saved at /mnt/d/deepfake_detector/checkpoints/model_epoch_13.pt
2025-04-22 13:08:33,535 - train - INFO - New best model saved at /mnt/d/deepfake_detector/checkpoints/best_model.pt with validation loss: 0.4907
2025-04-22 13:08:33,535 - train - INFO - Epoch 14/20 - Training phase started
2025-04-22 13:08:34,120 - train - INFO - Batch 0 - Loss: 0.3472
2025-04-22 13:08:34,591 - train - INFO - Epoch 14/20 - Training completed: Loss=0.5277, Accuracy=0.7350
2025-04-22 13:08:34,591 - train - INFO - Epoch 14/20 - Validation phase started
2025-04-22 13:08:34,996 - train - INFO - Epoch 14/20 - Validation completed: Loss=0.5051, Accuracy=0.7200
2025-04-22 13:08:35,855 - train - INFO - Checkpoint saved at /mnt/d/deepfake_detector/checkpoints/model_epoch_14.pt
2025-04-22 13:08:35,856 - train - INFO - Epoch 15/20 - Training phase started
2025-04-22 13:08:36,379 - train - INFO - Batch 0 - Loss: 0.4097
2025-04-22 13:08:36,806 - train - INFO - Epoch 15/20 - Training completed: Loss=0.4634, Accuracy=0.7475
2025-04-22 13:08:36,807 - train - INFO - Epoch 15/20 - Validation phase started
2025-04-22 13:08:39,339 - train - INFO - Epoch 15/20 - Validation completed: Loss=0.4675, Accuracy=0.8100
2025-04-22 13:08:40,191 - train - INFO - Checkpoint saved at /mnt/d/deepfake_detector/checkpoints/model_epoch_15.pt
2025-04-22 13:08:41,048 - train - INFO - New best model saved at /mnt/d/deepfake_detector/checkpoints/best_model.pt with validation loss: 0.4675
2025-04-22 13:08:41,049 - train - INFO - Epoch 16/20 - Training phase started
2025-04-22 13:08:41,650 - train - INFO - Batch 0 - Loss: 0.5236
2025-04-22 13:08:42,104 - train - INFO - Epoch 16/20 - Training completed: Loss=0.4170, Accuracy=0.8125
2025-04-22 13:08:42,105 - train - INFO - Epoch 16/20 - Validation phase started
2025-04-22 13:08:42,510 - train - INFO - Epoch 16/20 - Validation completed: Loss=0.5015, Accuracy=0.7200
2025-04-22 13:08:43,320 - train - INFO - Checkpoint saved at /mnt/d/deepfake_detector/checkpoints/model_epoch_16.pt
2025-04-22 13:08:43,321 - train - INFO - Epoch 17/20 - Training phase started
2025-04-22 13:08:43,800 - train - INFO - Batch 0 - Loss: 0.3519
2025-04-22 13:08:44,250 - train - INFO - Epoch 17/20 - Training completed: Loss=0.4282, Accuracy=0.7700
2025-04-22 13:08:44,250 - train - INFO - Epoch 17/20 - Validation phase started
2025-04-22 13:08:44,663 - train - INFO - Epoch 17/20 - Validation completed: Loss=0.4777, Accuracy=0.7500
2025-04-22 13:08:45,490 - train - INFO - Checkpoint saved at /mnt/d/deepfake_detector/checkpoints/model_epoch_17.pt
2025-04-22 13:08:45,491 - train - INFO - Epoch 18/20 - Training phase started
2025-04-22 13:08:46,024 - train - INFO - Batch 0 - Loss: 0.3528
2025-04-22 13:08:46,420 - train - INFO - Epoch 18/20 - Training completed: Loss=0.4021, Accuracy=0.8500
2025-04-22 13:08:46,420 - train - INFO - Epoch 18/20 - Validation phase started
2025-04-22 13:08:46,809 - train - INFO - Epoch 18/20 - Validation completed: Loss=0.4548, Accuracy=0.8300
2025-04-22 13:08:47,573 - train - INFO - Checkpoint saved at /mnt/d/deepfake_detector/checkpoints/model_epoch_18.pt
2025-04-22 13:08:48,393 - train - INFO - New best model saved at /mnt/d/deepfake_detector/checkpoints/best_model.pt with validation loss: 0.4548
2025-04-22 13:08:48,393 - train - INFO - Epoch 19/20 - Training phase started
2025-04-22 13:08:48,980 - train - INFO - Batch 0 - Loss: 0.3956
2025-04-22 13:08:49,373 - train - INFO - Epoch 19/20 - Training completed: Loss=0.3884, Accuracy=0.8425
2025-04-22 13:08:49,374 - train - INFO - Epoch 19/20 - Validation phase started
2025-04-22 13:08:49,768 - train - INFO - Epoch 19/20 - Validation completed: Loss=0.4520, Accuracy=0.8100
2025-04-22 13:08:50,545 - train - INFO - Checkpoint saved at /mnt/d/deepfake_detector/checkpoints/model_epoch_19.pt
2025-04-22 13:08:51,309 - train - INFO - New best model saved at /mnt/d/deepfake_detector/checkpoints/best_model.pt with validation loss: 0.4520
2025-04-22 13:08:51,309 - train - INFO - Epoch 20/20 - Training phase started
2025-04-22 13:08:51,861 - train - INFO - Batch 0 - Loss: 0.4401
2025-04-22 13:08:52,235 - train - INFO - Epoch 20/20 - Training completed: Loss=0.3852, Accuracy=0.8475
2025-04-22 13:08:52,236 - train - INFO - Epoch 20/20 - Validation phase started
2025-04-22 13:08:52,642 - train - INFO - Epoch 20/20 - Validation completed: Loss=0.4651, Accuracy=0.8000
2025-04-22 13:08:53,454 - train - INFO - Checkpoint saved at /mnt/d/deepfake_detector/checkpoints/model_epoch_20.pt
2025-04-22 13:08:54,063 - train - INFO - Loaded best model from epoch 19 with validation loss: 0.4520
2025-04-22 13:08:54,063 - train - INFO - Training completed in 57.08 seconds (0.95 minutes)
2025-04-22 13:08:54,318 - __main__ - INFO - Training complete. Final model saved to /mnt/d/deepfake_detector/trained_models/2025-04-22_13:08:54_final_model.pt
2025-04-22 13:08:54,318 - __main__ - INFO - Best model was from epoch 19 with validation loss: 0.4520
2025-04-22 13:08:54,318 - __main__ - INFO - Total training time: 0.95 minutes
2025-04-22 13:17:49,636 - __main__ - INFO - Starting main training loop.
2025-04-22 13:17:49,638 - __main__ - INFO - Arguments parsed: Namespace(real_dir='/mnt/d/deepfake_detector/deepfake_dataset/original_sequences', fake_dir='/mnt/d/deepfake_detector/deepfake_dataset/manipulated_sequences', device='cuda', trained_models_dir='/mnt/d/deepfake_detector/trained_models/', checkpoint_dir='/mnt/d/deepfake_detector/checkpoints/', cache_dir='/mnt/d/deepfake_detector/preprocessed_cache/', force_reprocess=False)
2025-04-22 13:18:24,725 - __main__ - INFO - Starting main training loop.
2025-04-22 13:18:24,726 - __main__ - INFO - Arguments parsed: Namespace(real_dir='/mnt/d/deepfake_detector/deepfake_dataset/original_sequences', fake_dir='/mnt/d/deepfake_detector/deepfake_dataset/manipulated_sequences', device='cuda', trained_models_dir='/mnt/d/deepfake_detector/trained_models/', checkpoint_dir='/mnt/d/deepfake_detector/checkpoints/', cache_dir='/mnt/d/deepfake_detector/preprocessed_cache/', force_reprocess=False)
2025-04-22 13:18:24,729 - __main__ - INFO - Final model directory: /mnt/d/deepfake_detector/trained_models/04-22_13:18:24_model
2025-04-22 13:18:24,739 - __main__ - INFO - Using device: cuda
2025-04-22 13:18:24,739 - __main__ - INFO - Hyperparameters: batch_size=64, num_frames=32, epochs=5, lr=0.0010
2025-04-22 13:18:24,739 - __main__ - INFO - Loading pretrained pSp encoder and 3D ResNet model.
2025-04-22 13:18:29,609 - utils.load_models - INFO - Pretrained pSp model loaded successfully.
2025-04-22 13:18:29,623 - __main__ - INFO - Loading 3D ResNet model.
2025-04-22 13:18:30,947 - utils.load_models - INFO - Pretrained 3D ResNet model loaded successfully.
2025-04-22 13:18:30,947 - __main__ - INFO - Creating preprocessor.
2025-04-22 13:18:31,418 - __main__ - INFO - Starting video preprocessing...
2025-04-22 13:18:31,426 - preprocess - INFO - Processing real videos...
2025-04-22 13:18:31,433 - preprocess - INFO - Found 363 videos in /mnt/d/deepfake_detector/deepfake_dataset/original_sequences
2025-04-22 13:18:31,433 - preprocess - INFO - Selected first 250 videos for processing
2025-04-22 13:18:35,889 - preprocess - INFO - Processing fake videos...
2025-04-22 13:18:35,905 - preprocess - INFO - Found 3068 videos in /mnt/d/deepfake_detector/deepfake_dataset/manipulated_sequences
2025-04-22 13:18:35,905 - preprocess - INFO - Selected first 250 videos for processing
2025-04-22 13:18:40,268 - preprocess - INFO - Total processed videos: 500
2025-04-22 13:18:40,268 - preprocess - INFO - Valid videos: 500, Invalid: 0
2025-04-22 13:18:40,268 - __main__ - INFO - Creating traing/validation dataloaders.
2025-04-22 13:18:40,269 - dataset - INFO - Train dataset size: 400
2025-04-22 13:18:40,269 - dataset - INFO - Validation dataset size: 100
2025-04-22 13:18:40,269 - __main__ - INFO - Creating DeepfakeDetector model.
2025-04-22 13:18:40,333 - __main__ - INFO - Begin training.
2025-04-22 13:18:40,333 - train - INFO - Begin training model on device: cuda
2025-04-22 13:18:40,333 - train - INFO - Number of epochs: 5, Learning rate: 0.001
2025-04-22 13:18:40,333 - train - INFO - Training data: 7 batches
2025-04-22 13:18:40,333 - train - INFO - Validation data: 2 batches
2025-04-22 13:21:12,244 - __main__ - INFO - Starting main training loop.
2025-04-22 13:21:12,245 - __main__ - INFO - Arguments parsed: Namespace(real_dir='/mnt/d/deepfake_detector/deepfake_dataset/original_sequences', fake_dir='/mnt/d/deepfake_detector/deepfake_dataset/manipulated_sequences', device='cuda', trained_models_dir='/mnt/d/deepfake_detector/trained_models/', checkpoint_dir='/mnt/d/deepfake_detector/checkpoints/', cache_dir='/mnt/d/deepfake_detector/preprocessed_cache/', force_reprocess=False)
2025-04-22 13:21:12,249 - __main__ - INFO - Final model directory: /mnt/d/deepfake_detector/trained_models/04-22_13:21:12_model
2025-04-22 13:21:12,253 - __main__ - INFO - Using device: cuda
2025-04-22 13:21:12,254 - __main__ - INFO - Hyperparameters: batch_size=64, num_frames=32, epochs=5, lr=0.0010
2025-04-22 13:21:12,254 - __main__ - INFO - Loading pretrained pSp encoder and 3D ResNet model.
2025-04-22 13:21:20,896 - utils.load_models - INFO - Pretrained pSp model loaded successfully.
2025-04-22 13:21:20,916 - __main__ - INFO - Loading 3D ResNet model.
2025-04-22 13:21:22,138 - utils.load_models - INFO - Pretrained 3D ResNet model loaded successfully.
2025-04-22 13:21:22,138 - __main__ - INFO - Creating preprocessor.
2025-04-22 13:21:22,710 - __main__ - INFO - Starting video preprocessing...
2025-04-22 13:21:22,717 - preprocess - INFO - Processing real videos...
2025-04-22 13:21:22,723 - preprocess - INFO - Found 363 videos in /mnt/d/deepfake_detector/deepfake_dataset/original_sequences
2025-04-22 13:21:22,723 - preprocess - INFO - Selected first 250 videos for processing
2025-04-22 13:21:23,961 - preprocess - INFO - Processing fake videos...
2025-04-22 13:21:23,976 - preprocess - INFO - Found 3068 videos in /mnt/d/deepfake_detector/deepfake_dataset/manipulated_sequences
2025-04-22 13:21:23,976 - preprocess - INFO - Selected first 250 videos for processing
2025-04-22 13:21:25,364 - preprocess - INFO - Total processed videos: 500
2025-04-22 13:21:25,364 - preprocess - INFO - Valid videos: 500, Invalid: 0
2025-04-22 13:21:25,364 - __main__ - INFO - Creating traing/validation dataloaders.
2025-04-22 13:21:25,366 - dataset - INFO - Train dataset size: 400
2025-04-22 13:21:25,366 - dataset - INFO - Validation dataset size: 100
2025-04-22 13:21:25,367 - __main__ - INFO - Creating DeepfakeDetector model.
2025-04-22 13:21:25,434 - __main__ - INFO - Begin training.
2025-04-22 13:21:25,435 - train - INFO - Begin training model on device: cuda
2025-04-22 13:21:25,435 - train - INFO - Number of epochs: 5, Learning rate: 0.001
2025-04-22 13:21:25,435 - train - INFO - Training data: 7 batches
2025-04-22 13:21:25,435 - train - INFO - Validation data: 2 batches
2025-04-22 13:36:14,494 - __main__ - INFO - Starting main training loop.
2025-04-22 13:36:14,495 - __main__ - INFO - Arguments parsed: Namespace(real_dir='/mnt/d/deepfake_detector/deepfake_dataset/original_sequences', fake_dir='/mnt/d/deepfake_detector/deepfake_dataset/manipulated_sequences', device='cuda', trained_models_dir='/mnt/d/deepfake_detector/trained_models', checkpoint_dir='/mnt/d/deepfake_detector/checkpoints', cache_dir='/mnt/d/deepfake_detector/preprocessed_cache', force_reprocess=False)
2025-04-22 13:36:14,497 - __main__ - INFO - Final model directory: /mnt/d/deepfake_detector/trained_models04-22_13:36:14_model
2025-04-22 13:36:14,567 - __main__ - INFO - Using device: cuda
2025-04-22 13:36:14,567 - __main__ - INFO - Hyperparameters: batch_size=64, num_frames=32, epochs=5, lr=0.0010
2025-04-22 13:36:14,567 - __main__ - INFO - Loading pretrained pSp encoder and 3D ResNet model.
2025-04-22 13:36:20,704 - utils.load_models - INFO - Pretrained pSp model loaded successfully.
2025-04-22 13:36:20,719 - __main__ - INFO - Loading 3D ResNet model.
2025-04-22 13:36:21,944 - utils.load_models - INFO - Pretrained 3D ResNet model loaded successfully.
2025-04-22 13:36:21,944 - __main__ - INFO - Creating preprocessor.
2025-04-22 13:36:22,409 - __main__ - INFO - Starting video preprocessing...
2025-04-22 13:36:22,415 - preprocess - INFO - Processing real videos...
2025-04-22 13:36:22,422 - preprocess - INFO - Found 363 videos in /mnt/d/deepfake_detector/deepfake_dataset/original_sequences
2025-04-22 13:36:22,422 - preprocess - INFO - Selected first 250 videos for processing
2025-04-22 13:36:23,777 - preprocess - INFO - Processing fake videos...
2025-04-22 13:36:23,791 - preprocess - INFO - Found 3068 videos in /mnt/d/deepfake_detector/deepfake_dataset/manipulated_sequences
2025-04-22 13:36:23,791 - preprocess - INFO - Selected first 250 videos for processing
2025-04-22 13:36:25,178 - preprocess - INFO - Total processed videos: 500
2025-04-22 13:36:25,178 - preprocess - INFO - Valid videos: 500, Invalid: 0
2025-04-22 13:36:25,179 - __main__ - INFO - Creating traing/validation dataloaders.
2025-04-22 13:36:25,188 - dataset - INFO - Train dataset size: 400
2025-04-22 13:36:25,189 - dataset - INFO - Validation dataset size: 100
2025-04-22 13:36:25,189 - __main__ - INFO - Creating DeepfakeDetector model.
2025-04-22 13:36:25,245 - __main__ - INFO - Begin training.
2025-04-22 13:36:25,246 - train - INFO - Begin training model on device: cuda
2025-04-22 13:36:25,246 - train - INFO - Number of epochs: 5, Learning rate: 0.001
2025-04-22 13:36:25,246 - train - INFO - Training data: 7 batches
2025-04-22 13:36:25,246 - train - INFO - Validation data: 2 batches
2025-04-22 13:36:25,365 - train - INFO - Starting training loop
2025-04-22 13:36:25,365 - train - INFO - Epoch 1/5 - Training phase started
2025-04-22 13:36:26,291 - train - INFO - Batch 0 - Loss: 0.6930
2025-04-22 13:36:26,711 - train - INFO - Epoch 1/5 - Training completed: Loss=0.6930, Accuracy=0.5475
2025-04-22 13:36:26,711 - train - INFO - Epoch 1/5 - Validation phase started
2025-04-22 13:36:27,077 - train - INFO - Epoch 1/5 - Validation completed: Loss=0.6266, Accuracy=0.5700
2025-04-22 13:36:27,830 - train - INFO - Checkpoint saved at /mnt/d/deepfake_detector/trained_models04-22_13:36:14_model//mnt/d/deepfake_detector/checkpoints/model_epoch_1.pt
2025-04-22 13:36:28,629 - train - INFO - New best model saved at /mnt/d/deepfake_detector/trained_models04-22_13:36:14_model//mnt/d/deepfake_detector/checkpoints/best_model.pt with validation loss: 0.6266
2025-04-22 13:36:28,629 - train - INFO - Epoch 2/5 - Training phase started
2025-04-22 13:36:29,145 - train - INFO - Batch 0 - Loss: 0.5980
2025-04-22 13:36:29,597 - train - INFO - Epoch 2/5 - Training completed: Loss=0.6258, Accuracy=0.6350
2025-04-22 13:36:29,597 - train - INFO - Epoch 2/5 - Validation phase started
2025-04-22 13:36:29,977 - train - INFO - Epoch 2/5 - Validation completed: Loss=0.5689, Accuracy=0.6700
2025-04-22 13:36:30,743 - train - INFO - Checkpoint saved at /mnt/d/deepfake_detector/trained_models04-22_13:36:14_model//mnt/d/deepfake_detector/checkpoints/model_epoch_2.pt
2025-04-22 13:36:31,458 - train - INFO - New best model saved at /mnt/d/deepfake_detector/trained_models04-22_13:36:14_model//mnt/d/deepfake_detector/checkpoints/best_model.pt with validation loss: 0.5689
2025-04-22 13:36:31,459 - train - INFO - Epoch 3/5 - Training phase started
2025-04-22 13:36:31,967 - train - INFO - Batch 0 - Loss: 0.5714
2025-04-22 13:36:32,399 - train - INFO - Epoch 3/5 - Training completed: Loss=0.5882, Accuracy=0.6750
2025-04-22 13:36:32,400 - train - INFO - Epoch 3/5 - Validation phase started
2025-04-22 13:36:32,755 - train - INFO - Epoch 3/5 - Validation completed: Loss=0.5410, Accuracy=0.7400
2025-04-22 13:36:33,498 - train - INFO - Checkpoint saved at /mnt/d/deepfake_detector/trained_models04-22_13:36:14_model//mnt/d/deepfake_detector/checkpoints/model_epoch_3.pt
2025-04-22 13:36:34,220 - train - INFO - New best model saved at /mnt/d/deepfake_detector/trained_models04-22_13:36:14_model//mnt/d/deepfake_detector/checkpoints/best_model.pt with validation loss: 0.5410
2025-04-22 13:36:34,220 - train - INFO - Epoch 4/5 - Training phase started
2025-04-22 13:36:34,806 - train - INFO - Batch 0 - Loss: 0.5210
2025-04-22 13:36:35,231 - train - INFO - Epoch 4/5 - Training completed: Loss=0.5023, Accuracy=0.8000
2025-04-22 13:36:35,232 - train - INFO - Epoch 4/5 - Validation phase started
2025-04-22 13:36:35,673 - train - INFO - Epoch 4/5 - Validation completed: Loss=0.5524, Accuracy=0.6900
2025-04-22 13:36:36,576 - train - INFO - Checkpoint saved at /mnt/d/deepfake_detector/trained_models04-22_13:36:14_model//mnt/d/deepfake_detector/checkpoints/model_epoch_4.pt
2025-04-22 13:36:36,576 - train - INFO - Epoch 5/5 - Training phase started
2025-04-22 13:36:37,079 - train - INFO - Batch 0 - Loss: 0.5329
2025-04-22 13:36:37,560 - train - INFO - Epoch 5/5 - Training completed: Loss=0.5749, Accuracy=0.6775
2025-04-22 13:36:37,561 - train - INFO - Epoch 5/5 - Validation phase started
2025-04-22 13:36:37,976 - train - INFO - Epoch 5/5 - Validation completed: Loss=0.5103, Accuracy=0.7000
2025-04-22 13:36:38,769 - train - INFO - Checkpoint saved at /mnt/d/deepfake_detector/trained_models04-22_13:36:14_model//mnt/d/deepfake_detector/checkpoints/model_epoch_5.pt
2025-04-22 13:36:41,572 - train - INFO - New best model saved at /mnt/d/deepfake_detector/trained_models04-22_13:36:14_model//mnt/d/deepfake_detector/checkpoints/best_model.pt with validation loss: 0.5103
2025-04-22 13:36:42,143 - train - INFO - Loaded best model from epoch 5 with validation loss: 0.5103
2025-04-22 13:36:42,143 - train - INFO - Training completed in 16.89 seconds (0.28 minutes)
2025-04-22 13:36:42,411 - __main__ - INFO - Training complete. Final model saved to /mnt/d/deepfake_detector/trained_models04-22_13:36:14_model/final_model.pt
2025-04-22 13:36:42,411 - __main__ - INFO - Best model was from epoch 5 with validation loss: 0.5103
2025-04-22 13:36:42,411 - __main__ - INFO - Total training time: 0.28 minutes
2025-04-22 13:42:14,238 - __main__ - INFO - Starting main training loop.
2025-04-22 13:42:14,240 - __main__ - INFO - Arguments parsed: Namespace(real_dir='/mnt/d/deepfake_detector/deepfake_dataset/original_sequences', fake_dir='/mnt/d/deepfake_detector/deepfake_dataset/manipulated_sequences', device='cuda', trained_models_dir='/mnt/d/deepfake_detector/trained_models', checkpoint_dir='checkpoints', cache_dir='/mnt/d/deepfake_detector/preprocessed_cache', force_reprocess=False)
2025-04-22 13:42:14,244 - __main__ - INFO - Final model directory: /mnt/d/deepfake_detector/trained_models/04-22_13:42:14_model
2025-04-22 13:42:14,248 - __main__ - INFO - Checkpoint directory: /mnt/d/deepfake_detector/trained_models/04-22_13:42:14_model/checkpoints
2025-04-22 13:42:14,251 - __main__ - INFO - Results directory: /mnt/d/deepfake_detector/trained_models/04-22_13:42:14_model/results
2025-04-22 13:42:14,251 - __main__ - INFO - Using device: cuda
2025-04-22 13:42:14,251 - __main__ - INFO - Hyperparameters: batch_size=64, num_frames=32, epochs=5, lr=0.0010
2025-04-22 13:42:14,251 - __main__ - INFO - Loading pretrained pSp encoder and 3D ResNet model.
2025-04-22 13:42:19,732 - utils.load_models - INFO - Pretrained pSp model loaded successfully.
2025-04-22 13:42:19,746 - __main__ - INFO - Loading 3D ResNet model.
2025-04-22 13:42:20,933 - utils.load_models - INFO - Pretrained 3D ResNet model loaded successfully.
2025-04-22 13:42:20,933 - __main__ - INFO - Creating preprocessor.
2025-04-22 13:42:40,287 - __main__ - INFO - Starting main training loop.
2025-04-22 13:42:40,289 - __main__ - INFO - Arguments parsed: Namespace(real_dir='/mnt/d/deepfake_detector/deepfake_dataset/original_sequences', fake_dir='/mnt/d/deepfake_detector/deepfake_dataset/manipulated_sequences', device='cuda', trained_models_dir='/mnt/d/deepfake_detector/trained_models', checkpoint_dir='checkpoints', cache_dir='/mnt/d/deepfake_detector/preprocessed_cache', force_reprocess=False)
2025-04-22 13:42:40,294 - __main__ - INFO - Final model directory: /mnt/d/deepfake_detector/trained_models/04-22_13:42:40_model
2025-04-22 13:42:40,296 - __main__ - INFO - Checkpoint directory: /mnt/d/deepfake_detector/trained_models/04-22_13:42:40_model/checkpoints
2025-04-22 13:42:40,350 - __main__ - INFO - Results directory: /mnt/d/deepfake_detector/trained_models/04-22_13:42:40_model/results
2025-04-22 13:42:40,350 - __main__ - INFO - Using device: cuda
2025-04-22 13:42:40,350 - __main__ - INFO - Hyperparameters: batch_size=64, num_frames=32, epochs=5, lr=0.0010
2025-04-22 13:42:40,350 - __main__ - INFO - Loading pretrained pSp encoder and 3D ResNet model.
2025-04-22 13:42:46,803 - utils.load_models - INFO - Pretrained pSp model loaded successfully.
2025-04-22 13:42:46,818 - __main__ - INFO - Loading 3D ResNet model.
2025-04-22 13:42:47,879 - utils.load_models - INFO - Pretrained 3D ResNet model loaded successfully.
2025-04-22 13:42:47,879 - __main__ - INFO - Creating preprocessor.
2025-04-22 13:42:48,377 - __main__ - INFO - Starting video preprocessing...
2025-04-22 13:42:48,384 - preprocess - INFO - Processing real videos...
2025-04-22 13:42:48,390 - preprocess - INFO - Found 363 videos in /mnt/d/deepfake_detector/deepfake_dataset/original_sequences
2025-04-22 13:42:48,390 - preprocess - INFO - Selected first 250 videos for processing
2025-04-22 13:42:50,356 - preprocess - INFO - Processing fake videos...
2025-04-22 13:42:50,373 - preprocess - INFO - Found 3068 videos in /mnt/d/deepfake_detector/deepfake_dataset/manipulated_sequences
2025-04-22 13:42:50,373 - preprocess - INFO - Selected first 250 videos for processing
2025-04-22 13:42:52,096 - preprocess - INFO - Total processed videos: 500
2025-04-22 13:42:52,096 - preprocess - INFO - Valid videos: 500, Invalid: 0
2025-04-22 13:42:52,096 - __main__ - INFO - Creating traing/validation dataloaders.
2025-04-22 13:42:52,099 - dataset - INFO - Train dataset size: 400
2025-04-22 13:42:52,100 - dataset - INFO - Validation dataset size: 100
2025-04-22 13:42:52,101 - __main__ - INFO - Creating DeepfakeDetector model.
2025-04-22 13:42:52,183 - __main__ - INFO - Begin training.
2025-04-22 13:42:52,183 - train - INFO - Begin training model on device: cuda
2025-04-22 13:42:52,183 - train - INFO - Number of epochs: 5, Learning rate: 0.001
2025-04-22 13:42:52,183 - train - INFO - Training data: 7 batches
2025-04-22 13:42:52,183 - train - INFO - Validation data: 2 batches
2025-04-22 13:42:52,294 - train - INFO - Starting training loop
2025-04-22 13:42:52,294 - train - INFO - Epoch 1/5 - Training phase started
2025-04-22 13:42:53,508 - train - INFO - Batch 0 - Loss: 0.6919
2025-04-22 13:42:53,894 - train - INFO - Epoch 1/5 - Training completed: Loss=0.6539, Accuracy=0.5900
2025-04-22 13:42:53,894 - train - INFO - Epoch 1/5 - Validation phase started
2025-04-22 13:42:54,300 - train - INFO - Epoch 1/5 - Validation completed: Loss=0.6826, Accuracy=0.5400
2025-04-22 13:42:56,890 - train - INFO - Checkpoint saved at /mnt/d/deepfake_detector/trained_models/04-22_13:42:40_model/checkpoints/model_epoch_1.pt
2025-04-22 13:42:57,676 - train - INFO - New best model saved at /mnt/d/deepfake_detector/trained_models/04-22_13:42:40_model/checkpoints/best_model.pt with validation loss: 0.6826
2025-04-22 13:42:57,676 - train - INFO - Epoch 2/5 - Training phase started
2025-04-22 13:42:58,237 - train - INFO - Batch 0 - Loss: 0.6271
2025-04-22 13:42:58,618 - train - INFO - Epoch 2/5 - Training completed: Loss=0.5732, Accuracy=0.7025
2025-04-22 13:42:58,619 - train - INFO - Epoch 2/5 - Validation phase started
2025-04-22 13:42:59,080 - train - INFO - Epoch 2/5 - Validation completed: Loss=0.5869, Accuracy=0.6700
2025-04-22 13:42:59,882 - train - INFO - Checkpoint saved at /mnt/d/deepfake_detector/trained_models/04-22_13:42:40_model/checkpoints/model_epoch_2.pt
2025-04-22 13:43:00,778 - train - INFO - New best model saved at /mnt/d/deepfake_detector/trained_models/04-22_13:42:40_model/checkpoints/best_model.pt with validation loss: 0.5869
2025-04-22 13:43:00,778 - train - INFO - Epoch 3/5 - Training phase started
2025-04-22 13:43:01,345 - train - INFO - Batch 0 - Loss: 0.4565
2025-04-22 13:43:01,799 - train - INFO - Epoch 3/5 - Training completed: Loss=0.5492, Accuracy=0.7075
2025-04-22 13:43:01,800 - train - INFO - Epoch 3/5 - Validation phase started
2025-04-22 13:43:02,202 - train - INFO - Epoch 3/5 - Validation completed: Loss=0.5639, Accuracy=0.7600
2025-04-22 13:43:03,005 - train - INFO - Checkpoint saved at /mnt/d/deepfake_detector/trained_models/04-22_13:42:40_model/checkpoints/model_epoch_3.pt
2025-04-22 13:43:03,721 - train - INFO - New best model saved at /mnt/d/deepfake_detector/trained_models/04-22_13:42:40_model/checkpoints/best_model.pt with validation loss: 0.5639
2025-04-22 13:43:03,722 - train - INFO - Epoch 4/5 - Training phase started
2025-04-22 13:43:04,242 - train - INFO - Batch 0 - Loss: 0.4482
2025-04-22 13:43:04,675 - train - INFO - Epoch 4/5 - Training completed: Loss=0.4559, Accuracy=0.7775
2025-04-22 13:43:04,676 - train - INFO - Epoch 4/5 - Validation phase started
2025-04-22 13:43:05,059 - train - INFO - Epoch 4/5 - Validation completed: Loss=0.5563, Accuracy=0.7700
2025-04-22 13:43:05,797 - train - INFO - Checkpoint saved at /mnt/d/deepfake_detector/trained_models/04-22_13:42:40_model/checkpoints/model_epoch_4.pt
2025-04-22 13:43:06,544 - train - INFO - New best model saved at /mnt/d/deepfake_detector/trained_models/04-22_13:42:40_model/checkpoints/best_model.pt with validation loss: 0.5563
2025-04-22 13:43:06,544 - train - INFO - Epoch 5/5 - Training phase started
2025-04-22 13:43:07,129 - train - INFO - Batch 0 - Loss: 0.4259
2025-04-22 13:43:07,545 - train - INFO - Epoch 5/5 - Training completed: Loss=0.4720, Accuracy=0.7825
2025-04-22 13:43:07,546 - train - INFO - Epoch 5/5 - Validation phase started
2025-04-22 13:43:07,915 - train - INFO - Epoch 5/5 - Validation completed: Loss=0.4996, Accuracy=0.7600
2025-04-22 13:43:08,576 - train - INFO - Checkpoint saved at /mnt/d/deepfake_detector/trained_models/04-22_13:42:40_model/checkpoints/model_epoch_5.pt
2025-04-22 13:43:09,341 - train - INFO - New best model saved at /mnt/d/deepfake_detector/trained_models/04-22_13:42:40_model/checkpoints/best_model.pt with validation loss: 0.4996
2025-04-22 13:43:09,934 - train - INFO - Loaded best model from epoch 5 with validation loss: 0.4996
2025-04-22 13:43:09,934 - train - INFO - Training completed in 17.75 seconds (0.30 minutes)
2025-04-22 13:43:10,178 - __main__ - INFO - Training complete. Final model saved to /mnt/d/deepfake_detector/trained_models/04-22_13:42:40_model/final_model.pt
2025-04-22 13:43:10,179 - __main__ - INFO - Best model was from epoch 5 with validation loss: 0.4996
2025-04-22 13:43:10,179 - __main__ - INFO - Total training time: 0.30 minutes
2025-04-22 13:47:03,355 - __main__ - INFO - Starting main training loop.
2025-04-22 13:47:03,356 - __main__ - INFO - Arguments parsed: Namespace(real_dir='/mnt/d/deepfake_detector/deepfake_dataset/original_sequences', fake_dir='/mnt/d/deepfake_detector/deepfake_dataset/manipulated_sequences', device='cuda', trained_models_dir='/mnt/d/deepfake_detector/trained_models', checkpoint_dir='checkpoints', cache_dir='/mnt/d/deepfake_detector/preprocessed_cache', force_reprocess=False)
2025-04-22 13:47:03,421 - __main__ - INFO - Final model directory: /mnt/d/deepfake_detector/trained_models/0422_h13m47s03_model
2025-04-22 13:47:03,425 - __main__ - INFO - Checkpoint directory: /mnt/d/deepfake_detector/trained_models/0422_h13m47s03_model/checkpoints
2025-04-22 13:47:03,428 - __main__ - INFO - Results directory: /mnt/d/deepfake_detector/trained_models/0422_h13m47s03_model/results
2025-04-22 13:47:03,429 - __main__ - INFO - Using device: cuda
2025-04-22 13:47:03,429 - __main__ - INFO - Hyperparameters: batch_size=64, num_frames=32, epochs=5, lr=0.0010
2025-04-22 13:47:03,429 - __main__ - INFO - Loading pretrained pSp encoder and 3D ResNet model.
2025-04-22 13:47:09,703 - utils.load_models - INFO - Pretrained pSp model loaded successfully.
2025-04-22 13:47:09,720 - __main__ - INFO - Loading 3D ResNet model.
2025-04-22 13:47:46,428 - __main__ - INFO - Starting main training loop.
2025-04-22 13:47:46,429 - __main__ - INFO - Arguments parsed: Namespace(real_dir='/mnt/d/deepfake_detector/deepfake_dataset/original_sequences', fake_dir='/mnt/d/deepfake_detector/deepfake_dataset/manipulated_sequences', device='cuda', trained_models_dir='/mnt/d/deepfake_detector/trained_models', checkpoint_dir='checkpoints', cache_dir='/mnt/d/deepfake_detector/preprocessed_cache', force_reprocess=False)
2025-04-22 13:47:46,438 - __main__ - INFO - Final model directory: /mnt/d/deepfake_detector/trained_models/0422_13h47m46s_model
2025-04-22 13:47:46,442 - __main__ - INFO - Checkpoint directory: /mnt/d/deepfake_detector/trained_models/0422_13h47m46s_model/checkpoints
2025-04-22 13:47:46,445 - __main__ - INFO - Results directory: /mnt/d/deepfake_detector/trained_models/0422_13h47m46s_model/results
2025-04-22 13:47:46,445 - __main__ - INFO - Using device: cuda
2025-04-22 13:47:46,445 - __main__ - INFO - Hyperparameters: batch_size=64, num_frames=32, epochs=5, lr=0.0010
2025-04-22 13:47:46,445 - __main__ - INFO - Loading pretrained pSp encoder and 3D ResNet model.
2025-04-22 13:47:51,580 - utils.load_models - INFO - Pretrained pSp model loaded successfully.
2025-04-22 13:47:51,594 - __main__ - INFO - Loading 3D ResNet model.
2025-04-22 13:47:52,832 - utils.load_models - INFO - Pretrained 3D ResNet model loaded successfully.
2025-04-22 13:47:52,832 - __main__ - INFO - Creating preprocessor.
2025-04-22 13:47:53,302 - __main__ - INFO - Starting video preprocessing...
2025-04-22 13:47:53,308 - preprocess - INFO - Processing real videos...
2025-04-22 13:47:53,313 - preprocess - INFO - Found 363 videos in /mnt/d/deepfake_detector/deepfake_dataset/original_sequences
2025-04-22 13:47:53,313 - preprocess - INFO - Selected first 250 videos for processing
2025-04-22 13:47:55,077 - preprocess - INFO - Processing fake videos...
2025-04-22 13:47:55,093 - preprocess - INFO - Found 3068 videos in /mnt/d/deepfake_detector/deepfake_dataset/manipulated_sequences
2025-04-22 13:47:55,093 - preprocess - INFO - Selected first 250 videos for processing
2025-04-22 13:47:56,726 - preprocess - INFO - Total processed videos: 500
2025-04-22 13:47:56,726 - preprocess - INFO - Valid videos: 500, Invalid: 0
2025-04-22 13:47:56,726 - __main__ - INFO - Creating traing/validation dataloaders.
2025-04-22 13:47:56,727 - dataset - INFO - Train dataset size: 400
2025-04-22 13:47:56,727 - dataset - INFO - Validation dataset size: 100
2025-04-22 13:47:56,728 - __main__ - INFO - Creating DeepfakeDetector model.
2025-04-22 13:47:56,799 - __main__ - INFO - Begin training.
2025-04-22 13:47:56,799 - train - INFO - Begin training model on device: cuda
2025-04-22 13:47:56,799 - train - INFO - Number of epochs: 5, Learning rate: 0.001
2025-04-22 13:47:56,800 - train - INFO - Training data: 7 batches
2025-04-22 13:47:56,800 - train - INFO - Validation data: 2 batches
2025-04-22 13:47:56,877 - train - INFO - Starting training loop
2025-04-22 13:47:56,877 - train - INFO - Epoch 1/5 - Training phase started
2025-04-22 13:47:57,984 - train - INFO - Batch 0 - Loss: 0.6917
2025-04-22 13:47:58,388 - train - INFO - Epoch 1/5 - Training completed: Loss=0.6773, Accuracy=0.5575
2025-04-22 13:47:58,388 - train - INFO - Epoch 1/5 - Validation phase started
2025-04-22 13:47:58,739 - train - INFO - Epoch 1/5 - Validation completed: Loss=0.6235, Accuracy=0.6900
2025-04-22 13:47:59,479 - train - INFO - Checkpoint saved at /mnt/d/deepfake_detector/trained_models/0422_13h47m46s_model/checkpoints/model_epoch_1.pt
2025-04-22 13:48:00,211 - train - INFO - New best model saved at /mnt/d/deepfake_detector/trained_models/0422_13h47m46s_model/checkpoints/best_model.pt with validation loss: 0.6235
2025-04-22 13:48:00,211 - train - INFO - Epoch 2/5 - Training phase started
2025-04-22 13:48:00,745 - train - INFO - Batch 0 - Loss: 0.6186
2025-04-22 13:48:01,179 - train - INFO - Epoch 2/5 - Training completed: Loss=0.6364, Accuracy=0.6275
2025-04-22 13:48:01,179 - train - INFO - Epoch 2/5 - Validation phase started
2025-04-22 13:48:01,554 - train - INFO - Epoch 2/5 - Validation completed: Loss=0.5825, Accuracy=0.7400
2025-04-22 13:48:02,293 - train - INFO - Checkpoint saved at /mnt/d/deepfake_detector/trained_models/0422_13h47m46s_model/checkpoints/model_epoch_2.pt
2025-04-22 13:48:04,998 - train - INFO - New best model saved at /mnt/d/deepfake_detector/trained_models/0422_13h47m46s_model/checkpoints/best_model.pt with validation loss: 0.5825
2025-04-22 13:48:04,998 - train - INFO - Epoch 3/5 - Training phase started
2025-04-22 13:48:05,501 - train - INFO - Batch 0 - Loss: 0.5825
2025-04-22 13:48:05,938 - train - INFO - Epoch 3/5 - Training completed: Loss=0.5649, Accuracy=0.7275
2025-04-22 13:48:05,938 - train - INFO - Epoch 3/5 - Validation phase started
2025-04-22 13:48:06,335 - train - INFO - Epoch 3/5 - Validation completed: Loss=0.5340, Accuracy=0.7400
2025-04-22 13:48:07,070 - train - INFO - Checkpoint saved at /mnt/d/deepfake_detector/trained_models/0422_13h47m46s_model/checkpoints/model_epoch_3.pt
2025-04-22 13:48:07,780 - train - INFO - New best model saved at /mnt/d/deepfake_detector/trained_models/0422_13h47m46s_model/checkpoints/best_model.pt with validation loss: 0.5340
2025-04-22 13:48:07,780 - train - INFO - Epoch 4/5 - Training phase started
2025-04-22 13:48:08,305 - train - INFO - Batch 0 - Loss: 0.5352
2025-04-22 13:48:08,707 - train - INFO - Epoch 4/5 - Training completed: Loss=0.5419, Accuracy=0.7025
2025-04-22 13:48:08,708 - train - INFO - Epoch 4/5 - Validation phase started
2025-04-22 13:48:09,086 - train - INFO - Epoch 4/5 - Validation completed: Loss=0.5325, Accuracy=0.7300
2025-04-22 13:48:09,829 - train - INFO - Checkpoint saved at /mnt/d/deepfake_detector/trained_models/0422_13h47m46s_model/checkpoints/model_epoch_4.pt
2025-04-22 13:48:10,569 - train - INFO - New best model saved at /mnt/d/deepfake_detector/trained_models/0422_13h47m46s_model/checkpoints/best_model.pt with validation loss: 0.5325
2025-04-22 13:48:10,569 - train - INFO - Epoch 5/5 - Training phase started
2025-04-22 13:48:11,073 - train - INFO - Batch 0 - Loss: 0.5383
2025-04-22 13:48:11,512 - train - INFO - Epoch 5/5 - Training completed: Loss=0.5078, Accuracy=0.7600
2025-04-22 13:48:11,512 - train - INFO - Epoch 5/5 - Validation phase started
2025-04-22 13:48:11,869 - train - INFO - Epoch 5/5 - Validation completed: Loss=0.4619, Accuracy=0.7300
2025-04-22 13:48:12,602 - train - INFO - Checkpoint saved at /mnt/d/deepfake_detector/trained_models/0422_13h47m46s_model/checkpoints/model_epoch_5.pt
2025-04-22 13:48:13,313 - train - INFO - New best model saved at /mnt/d/deepfake_detector/trained_models/0422_13h47m46s_model/checkpoints/best_model.pt with validation loss: 0.4619
2025-04-22 13:48:13,872 - train - INFO - Loaded best model from epoch 5 with validation loss: 0.4619
2025-04-22 13:48:13,872 - train - INFO - Training completed in 17.07 seconds (0.28 minutes)
2025-04-22 13:48:14,103 - __main__ - INFO - Training complete. Final model saved to /mnt/d/deepfake_detector/trained_models/0422_13h47m46s_model/final_model.pt
2025-04-22 13:48:14,104 - __main__ - INFO - Best model was from epoch 5 with validation loss: 0.4619
2025-04-22 13:48:14,104 - __main__ - INFO - Total training time: 0.28 minutes
2025-04-22 14:00:52,255 - __main__ - INFO - Starting main training loop.
2025-04-22 14:00:52,257 - __main__ - INFO - Arguments parsed: Namespace(real_dir='/mnt/d/deepfake_detector/deepfake_dataset/original_sequences', fake_dir='/mnt/d/deepfake_detector/deepfake_dataset/manipulated_sequences', device='cuda', output_dir='/mnt/d/deepfake_detector/trained_models', cache_dir='/mnt/d/deepfake_detector/preprocessed_cache', force_reprocess=False)
2025-04-22 14:00:52,257 - __main__ - INFO - Using device: cuda
2025-04-22 14:00:52,257 - __main__ - INFO - Hyperparameters: batch_size=64, num_frames=32, epochs=5, lr=0.0010
2025-04-22 14:00:52,261 - __main__ - INFO - Final model directory: /mnt/d/deepfake_detector/trained_models/0422_14h00m52s_model
2025-04-22 14:00:52,328 - __main__ - INFO - Checkpoint directory: /mnt/d/deepfake_detector/trained_models/0422_14h00m52s_model/checkpoints
2025-04-22 14:00:52,332 - __main__ - INFO - Results directory: /mnt/d/deepfake_detector/trained_models/0422_14h00m52s_model/results
2025-04-22 14:00:52,332 - __main__ - INFO - Creating preprocessor.
2025-04-22 14:00:57,293 - utils.load_models - INFO - Pretrained pSp model loaded successfully.
2025-04-22 14:00:57,679 - preprocessor - INFO - Loading 3D ResNet model.
2025-04-22 14:00:58,869 - utils.load_models - INFO - Pretrained 3D ResNet model loaded successfully.
2025-04-22 14:00:58,957 - __main__ - INFO - Starting video preprocessing...
2025-04-22 14:00:58,963 - preprocess - INFO - Processing real videos...
2025-04-22 14:00:58,969 - preprocess - INFO - Found 363 videos in /mnt/d/deepfake_detector/deepfake_dataset/original_sequences
2025-04-22 14:00:58,969 - preprocess - INFO - Selected first 250 videos for processing
2025-04-22 14:01:00,615 - preprocess - INFO - Processing fake videos...
2025-04-22 14:01:00,632 - preprocess - INFO - Found 3068 videos in /mnt/d/deepfake_detector/deepfake_dataset/manipulated_sequences
2025-04-22 14:01:00,632 - preprocess - INFO - Selected first 250 videos for processing
2025-04-22 14:01:02,320 - preprocess - INFO - Total processed videos: 500
2025-04-22 14:01:02,320 - preprocess - INFO - Valid videos: 500, Invalid: 0
2025-04-22 14:01:02,320 - __main__ - INFO - Creating traing/validation dataloaders.
2025-04-22 14:01:02,320 - dataset - INFO - Train dataset size: 400
2025-04-22 14:01:02,320 - dataset - INFO - Validation dataset size: 100
2025-04-22 14:01:02,321 - __main__ - INFO - Creating DeepfakeDetector model.
2025-04-22 14:01:02,382 - __main__ - INFO - Begin training.
2025-04-22 14:01:02,382 - train - INFO - Begin training model on device: cuda
2025-04-22 14:01:02,382 - train - INFO - Number of epochs: 5, Learning rate: 0.001
2025-04-22 14:01:02,382 - train - INFO - Training data: 7 batches
2025-04-22 14:01:02,382 - train - INFO - Validation data: 2 batches
2025-04-22 14:01:02,438 - train - INFO - Starting training loop
2025-04-22 14:01:02,438 - train - INFO - Epoch 1/5 - Training phase started
2025-04-22 14:01:03,138 - train - INFO - Batch 0 - Loss: 0.6914
2025-04-22 14:01:03,527 - train - INFO - Epoch 1/5 - Training completed: Loss=0.6901, Accuracy=0.5300
2025-04-22 14:01:03,527 - train - INFO - Epoch 1/5 - Validation phase started
2025-04-22 14:01:03,907 - train - INFO - Epoch 1/5 - Validation completed: Loss=0.6059, Accuracy=0.7000
2025-04-22 14:01:04,651 - train - INFO - Checkpoint saved at /mnt/d/deepfake_detector/trained_models/0422_14h00m52s_model/checkpoints/model_epoch_1.pt
2025-04-22 14:01:05,380 - train - INFO - New best model saved at /mnt/d/deepfake_detector/trained_models/0422_14h00m52s_model/checkpoints/best_model.pt with validation loss: 0.6059
2025-04-22 14:01:05,381 - train - INFO - Epoch 2/5 - Training phase started
2025-04-22 14:01:05,935 - train - INFO - Batch 0 - Loss: 0.6332
2025-04-22 14:01:06,341 - train - INFO - Epoch 2/5 - Training completed: Loss=0.6094, Accuracy=0.6850
2025-04-22 14:01:06,342 - train - INFO - Epoch 2/5 - Validation phase started
2025-04-22 14:01:06,762 - train - INFO - Epoch 2/5 - Validation completed: Loss=0.5275, Accuracy=0.7100
2025-04-22 14:01:07,489 - train - INFO - Checkpoint saved at /mnt/d/deepfake_detector/trained_models/0422_14h00m52s_model/checkpoints/model_epoch_2.pt
2025-04-22 14:01:08,248 - train - INFO - New best model saved at /mnt/d/deepfake_detector/trained_models/0422_14h00m52s_model/checkpoints/best_model.pt with validation loss: 0.5275
2025-04-22 14:01:08,248 - train - INFO - Epoch 3/5 - Training phase started
2025-04-22 14:01:08,801 - train - INFO - Batch 0 - Loss: 0.4548
2025-04-22 14:01:09,189 - train - INFO - Epoch 3/5 - Training completed: Loss=0.5583, Accuracy=0.7075
2025-04-22 14:01:09,189 - train - INFO - Epoch 3/5 - Validation phase started
2025-04-22 14:01:09,573 - train - INFO - Epoch 3/5 - Validation completed: Loss=0.4831, Accuracy=0.7200
2025-04-22 14:01:10,314 - train - INFO - Checkpoint saved at /mnt/d/deepfake_detector/trained_models/0422_14h00m52s_model/checkpoints/model_epoch_3.pt
2025-04-22 14:01:11,072 - train - INFO - New best model saved at /mnt/d/deepfake_detector/trained_models/0422_14h00m52s_model/checkpoints/best_model.pt with validation loss: 0.4831
2025-04-22 14:01:11,072 - train - INFO - Epoch 4/5 - Training phase started
2025-04-22 14:01:13,601 - train - INFO - Batch 0 - Loss: 0.4792
2025-04-22 14:01:14,023 - train - INFO - Epoch 4/5 - Training completed: Loss=0.5309, Accuracy=0.7350
2025-04-22 14:01:14,024 - train - INFO - Epoch 4/5 - Validation phase started
2025-04-22 14:01:14,381 - train - INFO - Epoch 4/5 - Validation completed: Loss=0.4762, Accuracy=0.8000
2025-04-22 14:01:15,139 - train - INFO - Checkpoint saved at /mnt/d/deepfake_detector/trained_models/0422_14h00m52s_model/checkpoints/model_epoch_4.pt
2025-04-22 14:01:15,848 - train - INFO - New best model saved at /mnt/d/deepfake_detector/trained_models/0422_14h00m52s_model/checkpoints/best_model.pt with validation loss: 0.4762
2025-04-22 14:01:15,848 - train - INFO - Epoch 5/5 - Training phase started
2025-04-22 14:01:16,358 - train - INFO - Batch 0 - Loss: 0.4685
2025-04-22 14:01:16,799 - train - INFO - Epoch 5/5 - Training completed: Loss=0.4765, Accuracy=0.8075
2025-04-22 14:01:16,799 - train - INFO - Epoch 5/5 - Validation phase started
2025-04-22 14:01:17,188 - train - INFO - Epoch 5/5 - Validation completed: Loss=0.5455, Accuracy=0.7400
2025-04-22 14:01:17,962 - train - INFO - Checkpoint saved at /mnt/d/deepfake_detector/trained_models/0422_14h00m52s_model/checkpoints/model_epoch_5.pt
2025-04-22 14:01:18,518 - train - INFO - Loaded best model from epoch 4 with validation loss: 0.4762
2025-04-22 14:01:18,519 - train - INFO - Training completed in 16.13 seconds (0.27 minutes)
2025-04-22 14:01:18,794 - __main__ - INFO - Training complete. Final model saved to /mnt/d/deepfake_detector/trained_models/0422_14h00m52s_model/final_model.pt
2025-04-22 14:01:18,794 - __main__ - INFO - Best model was from epoch 4 with validation loss: 0.4762
2025-04-22 14:01:18,794 - __main__ - INFO - Total training time: 0.27 minutes
2025-04-22 14:18:03,484 - __main__ - INFO - Starting main training loop.
2025-04-22 14:18:03,486 - __main__ - INFO - Arguments parsed: Namespace(real_dir='/mnt/d/deepfake_detector/deepfake_dataset/original_sequences', fake_dir='/mnt/d/deepfake_detector/deepfake_dataset/manipulated_sequences', device='cuda', output_dir='/mnt/d/deepfake_detector/trained_models', cache_dir='/mnt/d/deepfake_detector/preprocessed_cache', force_reprocess=False)
2025-04-22 14:18:03,486 - __main__ - INFO - Using device: cuda
2025-04-22 14:18:03,486 - __main__ - INFO - Hyperparameters: batch_size=64, num_frames=32, epochs=5, lr=0.0010
2025-04-22 14:18:03,489 - __main__ - INFO - Final model directory: /mnt/d/deepfake_detector/trained_models/0422_14h18m03s_model
2025-04-22 14:18:03,553 - __main__ - INFO - Checkpoint directory: /mnt/d/deepfake_detector/trained_models/0422_14h18m03s_model/checkpoints
2025-04-22 14:18:03,553 - __main__ - INFO - Creating preprocessor.
2025-04-22 14:18:08,497 - utils.load_models - INFO - Pretrained pSp model loaded successfully.
2025-04-22 14:18:08,930 - preprocessor - INFO - Loading 3D ResNet model.
2025-04-22 14:18:10,501 - utils.load_models - INFO - Pretrained 3D ResNet model loaded successfully.
2025-04-22 14:18:10,590 - __main__ - INFO - Starting video preprocessing...
2025-04-22 14:18:10,597 - preprocess - INFO - Processing real videos...
2025-04-22 14:18:10,604 - preprocess - INFO - Found 363 videos in /mnt/d/deepfake_detector/deepfake_dataset/original_sequences
2025-04-22 14:18:10,604 - preprocess - INFO - Selected first 250 videos for processing
2025-04-22 14:18:12,315 - preprocess - INFO - Processing fake videos...
2025-04-22 14:18:12,329 - preprocess - INFO - Found 3068 videos in /mnt/d/deepfake_detector/deepfake_dataset/manipulated_sequences
2025-04-22 14:18:12,329 - preprocess - INFO - Selected first 250 videos for processing
2025-04-22 14:18:13,889 - preprocess - INFO - Total processed videos: 500
2025-04-22 14:18:13,889 - preprocess - INFO - Valid videos: 500, Invalid: 0
2025-04-22 14:18:13,889 - __main__ - INFO - Creating traing/validation dataloaders.
2025-04-22 14:18:13,890 - dataset - INFO - Train dataset size: 400
2025-04-22 14:18:13,890 - dataset - INFO - Validation dataset size: 100
2025-04-22 14:18:13,891 - __main__ - INFO - Creating DeepfakeDetector model.
2025-04-22 14:18:13,968 - __main__ - INFO - Begin training.
2025-04-22 14:18:13,968 - train - INFO - Begin training model on device: cuda
2025-04-22 14:18:13,968 - train - INFO - Number of epochs: 5, Learning rate: 0.001
2025-04-22 14:18:13,968 - train - INFO - Training data: 7 batches
2025-04-22 14:18:13,968 - train - INFO - Validation data: 2 batches
2025-04-22 14:18:14,022 - train - INFO - Starting training loop
2025-04-22 14:18:14,022 - train - INFO - Epoch 1/5 - Training phase started
2025-04-22 14:18:15,119 - train - INFO - Batch 0 - Loss: 0.6943
2025-04-22 14:18:15,581 - train - INFO - Epoch 1/5 - Training completed: Loss=0.6688, Accuracy=0.5600
2025-04-22 14:18:15,581 - train - INFO - Epoch 1/5 - Validation phase started
2025-04-22 14:18:15,995 - train - INFO - Epoch 1/5 - Validation completed: Loss=0.5947, Accuracy=0.7000
2025-04-22 14:18:16,846 - train - INFO - Checkpoint saved at /mnt/d/deepfake_detector/trained_models/0422_14h18m03s_model/checkpoints/model_epoch_1.pt
2025-04-22 14:18:17,581 - train - INFO - New best model saved at /mnt/d/deepfake_detector/trained_models/0422_14h18m03s_model/checkpoints/best_model.pt with validation loss: 0.5947
2025-04-22 14:18:17,581 - train - INFO - Epoch 2/5 - Training phase started
2025-04-22 14:18:18,112 - train - INFO - Batch 0 - Loss: 0.5859
2025-04-22 14:18:18,548 - train - INFO - Epoch 2/5 - Training completed: Loss=0.5779, Accuracy=0.7175
2025-04-22 14:18:18,548 - train - INFO - Epoch 2/5 - Validation phase started
2025-04-22 14:18:18,932 - train - INFO - Epoch 2/5 - Validation completed: Loss=0.5624, Accuracy=0.7200
2025-04-22 14:18:19,710 - train - INFO - Checkpoint saved at /mnt/d/deepfake_detector/trained_models/0422_14h18m03s_model/checkpoints/model_epoch_2.pt
2025-04-22 14:18:21,717 - train - INFO - New best model saved at /mnt/d/deepfake_detector/trained_models/0422_14h18m03s_model/checkpoints/best_model.pt with validation loss: 0.5624
2025-04-22 14:18:21,717 - train - INFO - Epoch 3/5 - Training phase started
2025-04-22 14:18:22,276 - train - INFO - Batch 0 - Loss: 0.5536
2025-04-22 14:18:22,744 - train - INFO - Epoch 3/5 - Training completed: Loss=0.5402, Accuracy=0.7225
2025-04-22 14:18:22,744 - train - INFO - Epoch 3/5 - Validation phase started
2025-04-22 14:18:23,114 - train - INFO - Epoch 3/5 - Validation completed: Loss=0.5769, Accuracy=0.5900
2025-04-22 14:18:23,912 - train - INFO - Checkpoint saved at /mnt/d/deepfake_detector/trained_models/0422_14h18m03s_model/checkpoints/model_epoch_3.pt
2025-04-22 14:18:23,912 - train - INFO - Epoch 4/5 - Training phase started
2025-04-22 14:18:24,415 - train - INFO - Batch 0 - Loss: 0.6173
2025-04-22 14:18:24,827 - train - INFO - Epoch 4/5 - Training completed: Loss=0.6662, Accuracy=0.6575
2025-04-22 14:18:24,828 - train - INFO - Epoch 4/5 - Validation phase started
2025-04-22 14:18:25,197 - train - INFO - Epoch 4/5 - Validation completed: Loss=0.4565, Accuracy=0.7600
2025-04-22 14:18:25,937 - train - INFO - Checkpoint saved at /mnt/d/deepfake_detector/trained_models/0422_14h18m03s_model/checkpoints/model_epoch_4.pt
2025-04-22 14:18:26,674 - train - INFO - New best model saved at /mnt/d/deepfake_detector/trained_models/0422_14h18m03s_model/checkpoints/best_model.pt with validation loss: 0.4565
2025-04-22 14:18:26,674 - train - INFO - Epoch 5/5 - Training phase started
2025-04-22 14:18:27,221 - train - INFO - Batch 0 - Loss: 0.4697
2025-04-22 14:18:27,600 - train - INFO - Epoch 5/5 - Training completed: Loss=0.5372, Accuracy=0.7450
2025-04-22 14:18:27,600 - train - INFO - Epoch 5/5 - Validation phase started
2025-04-22 14:18:27,949 - train - INFO - Epoch 5/5 - Validation completed: Loss=0.4658, Accuracy=0.7600
2025-04-22 14:18:28,630 - train - INFO - Checkpoint saved at /mnt/d/deepfake_detector/trained_models/0422_14h18m03s_model/checkpoints/model_epoch_5.pt
2025-04-22 14:18:29,170 - train - INFO - Loaded best model from epoch 4 with validation loss: 0.4565
2025-04-22 14:18:29,170 - train - INFO - Training completed in 15.20 seconds (0.25 minutes)
2025-04-22 14:18:29,426 - __main__ - INFO - Training complete. Final model saved to /mnt/d/deepfake_detector/trained_models/0422_14h18m03s_model/final_model.pt
2025-04-22 14:18:29,426 - __main__ - INFO - Best model was from epoch 4 with validation loss: 0.4565
2025-04-22 14:18:29,426 - __main__ - INFO - Total training time: 0.25 minutes
2025-04-22 16:00:00,247 - __main__ - INFO - Starting main training loop.
2025-04-22 16:00:00,251 - __main__ - INFO - Arguments parsed: Namespace(real_dir='/mnt/d/deepfake_detector/deepfake_dataset/original_sequences', fake_dir='/mnt/d/deepfake_detector/deepfake_dataset/manipulated_sequences', device='cuda', output_dir='/mnt/d/deepfake_detector/trained_models', cache_dir='/mnt/d/deepfake_detector/preprocessed_cache', force_reprocess=False)
2025-04-22 16:00:00,252 - __main__ - INFO - Using device: cuda
2025-04-22 16:00:00,252 - __main__ - INFO - Hyperparameters: batch_size=64, num_frames=32, epochs=5, lr=0.0010
2025-04-22 16:00:00,334 - __main__ - INFO - Final model directory: /mnt/d/deepfake_detector/trained_models/0422_16h00m00s_model
2025-04-22 16:00:00,347 - __main__ - INFO - Checkpoint directory: /mnt/d/deepfake_detector/trained_models/0422_16h00m00s_model/checkpoints
2025-04-22 16:00:00,347 - __main__ - INFO - Creating preprocessor.
2025-04-22 16:00:09,408 - utils.load_models - INFO - Pretrained pSp model loaded successfully.
2025-04-22 16:00:09,914 - preprocessor - INFO - Loading 3D ResNet model.
2025-04-22 16:00:11,536 - utils.load_models - INFO - Pretrained 3D ResNet model loaded successfully.
2025-04-22 16:00:11,671 - __main__ - INFO - Starting video preprocessing...
2025-04-22 16:00:51,207 - __main__ - INFO - Starting main training loop.
2025-04-22 16:00:51,211 - __main__ - INFO - Arguments parsed: Namespace(real_dir='/mnt/d/deepfake_detector/deepfake_dataset/original_sequences', fake_dir='/mnt/d/deepfake_detector/deepfake_dataset/manipulated_sequences', device='cuda', output_dir='/mnt/d/deepfake_detector/trained_models', cache_dir='/mnt/d/deepfake_detector/preprocessed_cache', force_reprocess=False)
2025-04-22 16:00:51,212 - __main__ - INFO - Using device: cuda
2025-04-22 16:00:51,212 - __main__ - INFO - Hyperparameters: batch_size=64, num_frames=32, epochs=5, lr=0.0010
2025-04-22 16:00:51,296 - __main__ - INFO - Final model directory: /mnt/d/deepfake_detector/trained_models/0422_16h00m51s_model
2025-04-22 16:00:51,307 - __main__ - INFO - Checkpoint directory: /mnt/d/deepfake_detector/trained_models/0422_16h00m51s_model/checkpoints
2025-04-22 16:00:51,307 - __main__ - INFO - Creating preprocessor.
2025-04-22 16:00:59,539 - utils.load_models - INFO - Pretrained pSp model loaded successfully.
2025-04-22 16:01:00,081 - preprocessor - INFO - Loading 3D ResNet model.
2025-04-22 16:01:01,709 - utils.load_models - INFO - Pretrained 3D ResNet model loaded successfully.
2025-04-22 16:01:01,831 - __main__ - INFO - Starting video preprocessing...
2025-04-22 16:01:01,843 - preprocess_all_videos - INFO - Processing real videos...
2025-04-22 16:01:01,852 - preprocess_all_videos - INFO - Found 363 videos in /mnt/d/deepfake_detector/deepfake_dataset/original_sequences
2025-04-22 16:01:01,853 - preprocess_all_videos - INFO - Selected first 250 videos for processing
2025-04-22 16:01:04,393 - preprocess_all_videos - INFO - Processing fake videos...
2025-04-22 16:01:04,416 - preprocess_all_videos - INFO - Found 3068 videos in /mnt/d/deepfake_detector/deepfake_dataset/manipulated_sequences
2025-04-22 16:01:04,417 - preprocess_all_videos - INFO - Selected first 250 videos for processing
2025-04-22 16:01:09,501 - preprocess_all_videos - INFO - Total processed videos: 500
2025-04-22 16:01:09,501 - preprocess_all_videos - INFO - Valid videos: 500, Invalid: 0
2025-04-22 16:01:09,501 - __main__ - INFO - Creating traing/validation dataloaders.
2025-04-22 16:01:09,502 - dataset - INFO - Train dataset size: 400
2025-04-22 16:01:09,502 - dataset - INFO - Validation dataset size: 100
2025-04-22 16:01:09,503 - __main__ - INFO - Creating DeepfakeDetector model.
2025-04-22 16:01:09,613 - __main__ - INFO - Begin training.
2025-04-22 16:01:09,614 - train - INFO - Begin training model on device: cuda
2025-04-22 16:01:09,614 - train - INFO - Number of epochs: 5, Learning rate: 0.001
2025-04-22 16:01:09,614 - train - INFO - Training data: 7 batches
2025-04-22 16:01:09,614 - train - INFO - Validation data: 2 batches
2025-04-22 16:01:09,800 - train - INFO - Starting training loop
2025-04-22 16:01:09,800 - train - INFO - Epoch 1/5 - Training phase started
2025-04-22 16:01:11,913 - train - INFO - Batch 0 - Loss: 0.6937
2025-04-22 16:01:12,493 - train - INFO - Epoch 1/5 - Training completed: Loss=0.6786, Accuracy=0.5175
2025-04-22 16:01:12,493 - train - INFO - Epoch 1/5 - Validation phase started
2025-04-22 16:01:13,189 - train - INFO - Epoch 1/5 - Validation completed: Loss=0.6234, Accuracy=0.6300
2025-04-22 16:01:14,958 - train - INFO - Checkpoint saved at /mnt/d/deepfake_detector/trained_models/0422_16h00m51s_model/checkpoints/model_epoch_1.pt
2025-04-22 16:01:16,314 - train - INFO - New best model saved at /mnt/d/deepfake_detector/trained_models/0422_16h00m51s_model/checkpoints/best_model.pt with validation loss: 0.6234
2025-04-22 16:01:16,314 - train - INFO - Epoch 2/5 - Training phase started
2025-04-22 16:01:17,285 - train - INFO - Batch 0 - Loss: 0.6125
2025-04-22 16:01:17,819 - train - INFO - Epoch 2/5 - Training completed: Loss=0.6059, Accuracy=0.6525
2025-04-22 16:01:17,820 - train - INFO - Epoch 2/5 - Validation phase started
2025-04-22 16:01:18,455 - train - INFO - Epoch 2/5 - Validation completed: Loss=0.5595, Accuracy=0.7000
2025-04-22 16:01:19,656 - train - INFO - Checkpoint saved at /mnt/d/deepfake_detector/trained_models/0422_16h00m51s_model/checkpoints/model_epoch_2.pt
2025-04-22 16:01:20,770 - train - INFO - New best model saved at /mnt/d/deepfake_detector/trained_models/0422_16h00m51s_model/checkpoints/best_model.pt with validation loss: 0.5595
2025-04-22 16:01:20,770 - train - INFO - Epoch 3/5 - Training phase started
2025-04-22 16:01:21,428 - train - INFO - Batch 0 - Loss: 0.5600
2025-04-22 16:01:22,058 - train - INFO - Epoch 3/5 - Training completed: Loss=0.5599, Accuracy=0.6625
2025-04-22 16:01:22,058 - train - INFO - Epoch 3/5 - Validation phase started
2025-04-22 16:01:22,991 - train - INFO - Epoch 3/5 - Validation completed: Loss=0.5568, Accuracy=0.6400
2025-04-22 16:01:32,195 - __main__ - INFO - Starting main training loop.
2025-04-22 16:01:32,197 - __main__ - INFO - Arguments parsed: Namespace(real_dir='/mnt/d/deepfake_detector/deepfake_dataset/original_sequences', fake_dir='/mnt/d/deepfake_detector/deepfake_dataset/manipulated_sequences', device='cuda', output_dir='/mnt/d/deepfake_detector/trained_models', cache_dir='/mnt/d/deepfake_detector/preprocessed_cache', force_reprocess=False)
2025-04-22 16:01:32,197 - __main__ - INFO - Using device: cuda
2025-04-22 16:01:32,197 - __main__ - INFO - Hyperparameters: batch_size=64, num_frames=32, epochs=5, lr=0.0010
2025-04-22 16:01:32,209 - __main__ - INFO - Final model directory: /mnt/d/deepfake_detector/trained_models/0422_16h01m32s_model
2025-04-22 16:01:32,217 - __main__ - INFO - Checkpoint directory: /mnt/d/deepfake_detector/trained_models/0422_16h01m32s_model/checkpoints
2025-04-22 16:01:32,217 - __main__ - INFO - Creating preprocessor.
2025-04-22 16:01:41,655 - utils.load_models - INFO - Pretrained pSp model loaded successfully.
2025-04-22 16:01:42,267 - preprocessor - INFO - Loading 3D ResNet model.
2025-04-22 16:01:44,230 - utils.load_models - INFO - Pretrained 3D ResNet model loaded successfully.
2025-04-22 16:01:44,399 - __main__ - INFO - Starting video preprocessing...
2025-04-22 16:01:44,416 - preprocess_all_videos - INFO - Processing real videos...
2025-04-22 16:01:44,427 - preprocess_all_videos - INFO - Found 363 videos in /mnt/d/deepfake_detector/deepfake_dataset/original_sequences
2025-04-22 16:01:44,428 - preprocess_all_videos - INFO - Selected first 251 videos for processing
2025-04-22 16:02:05,070 - preprocess_all_videos - INFO - Processing fake videos...
2025-04-22 16:02:05,107 - preprocess_all_videos - INFO - Found 3068 videos in /mnt/d/deepfake_detector/deepfake_dataset/manipulated_sequences
2025-04-22 16:02:05,107 - preprocess_all_videos - INFO - Selected first 251 videos for processing
2025-04-22 16:02:24,993 - preprocess_all_videos - INFO - Total processed videos: 502
2025-04-22 16:02:24,993 - preprocess_all_videos - INFO - Valid videos: 502, Invalid: 0
2025-04-22 16:02:24,993 - __main__ - INFO - Creating traing/validation dataloaders.
2025-04-22 16:02:24,993 - dataset - INFO - Train dataset size: 401
2025-04-22 16:02:24,993 - dataset - INFO - Validation dataset size: 101
2025-04-22 16:02:24,994 - __main__ - INFO - Creating DeepfakeDetector model.
2025-04-22 16:02:25,074 - __main__ - INFO - Begin training.
2025-04-22 16:02:25,074 - train - INFO - Begin training model on device: cuda
2025-04-22 16:02:25,074 - train - INFO - Number of epochs: 5, Learning rate: 0.001
2025-04-22 16:02:25,074 - train - INFO - Training data: 7 batches
2025-04-22 16:02:25,074 - train - INFO - Validation data: 2 batches
2025-04-22 16:02:25,109 - train - INFO - Starting training loop
2025-04-22 16:02:25,110 - train - INFO - Epoch 1/5 - Training phase started
2025-04-22 16:02:25,999 - train - INFO - Batch 0 - Loss: 0.6924
2025-04-22 16:02:26,569 - train - INFO - Epoch 1/5 - Training completed: Loss=0.7099, Accuracy=0.5611
2025-04-22 16:02:26,569 - train - INFO - Epoch 1/5 - Validation phase started
2025-04-22 16:02:27,039 - train - INFO - Epoch 1/5 - Validation completed: Loss=0.6356, Accuracy=0.5743
2025-04-22 16:02:28,100 - train - INFO - Checkpoint saved at /mnt/d/deepfake_detector/trained_models/0422_16h01m32s_model/checkpoints/model_epoch_1.pt
2025-04-22 16:02:29,141 - train - INFO - New best model saved at /mnt/d/deepfake_detector/trained_models/0422_16h01m32s_model/checkpoints/best_model.pt with validation loss: 0.6356
2025-04-22 16:02:29,141 - train - INFO - Epoch 2/5 - Training phase started
2025-04-22 16:02:30,016 - train - INFO - Batch 0 - Loss: 0.6506
2025-04-22 16:02:30,607 - train - INFO - Epoch 2/5 - Training completed: Loss=0.6110, Accuracy=0.6858
2025-04-22 16:02:30,608 - train - INFO - Epoch 2/5 - Validation phase started
2025-04-22 16:02:31,232 - train - INFO - Epoch 2/5 - Validation completed: Loss=0.5779, Accuracy=0.6931
2025-04-22 16:02:32,352 - train - INFO - Checkpoint saved at /mnt/d/deepfake_detector/trained_models/0422_16h01m32s_model/checkpoints/model_epoch_2.pt
2025-04-22 16:02:33,445 - train - INFO - New best model saved at /mnt/d/deepfake_detector/trained_models/0422_16h01m32s_model/checkpoints/best_model.pt with validation loss: 0.5779
2025-04-22 16:02:33,445 - train - INFO - Epoch 3/5 - Training phase started
2025-04-22 16:02:34,182 - train - INFO - Batch 0 - Loss: 0.5911
2025-04-22 16:02:34,773 - train - INFO - Epoch 3/5 - Training completed: Loss=0.5588, Accuracy=0.7207
2025-04-22 16:02:34,773 - train - INFO - Epoch 3/5 - Validation phase started
2025-04-22 16:02:35,369 - train - INFO - Epoch 3/5 - Validation completed: Loss=0.5525, Accuracy=0.6832
2025-04-22 16:02:36,439 - train - INFO - Checkpoint saved at /mnt/d/deepfake_detector/trained_models/0422_16h01m32s_model/checkpoints/model_epoch_3.pt
2025-04-22 16:02:37,468 - train - INFO - New best model saved at /mnt/d/deepfake_detector/trained_models/0422_16h01m32s_model/checkpoints/best_model.pt with validation loss: 0.5525
2025-04-22 16:02:37,468 - train - INFO - Epoch 4/5 - Training phase started
2025-04-22 16:02:38,174 - train - INFO - Batch 0 - Loss: 0.5813
2025-04-22 16:02:38,785 - train - INFO - Epoch 4/5 - Training completed: Loss=0.5001, Accuracy=0.7531
2025-04-22 16:02:38,786 - train - INFO - Epoch 4/5 - Validation phase started
2025-04-22 16:02:39,370 - train - INFO - Epoch 4/5 - Validation completed: Loss=0.5145, Accuracy=0.7624
2025-04-22 16:02:40,502 - train - INFO - Checkpoint saved at /mnt/d/deepfake_detector/trained_models/0422_16h01m32s_model/checkpoints/model_epoch_4.pt
2025-04-22 16:02:41,531 - train - INFO - New best model saved at /mnt/d/deepfake_detector/trained_models/0422_16h01m32s_model/checkpoints/best_model.pt with validation loss: 0.5145
2025-04-22 16:02:41,531 - train - INFO - Epoch 5/5 - Training phase started
2025-04-22 16:02:42,272 - train - INFO - Batch 0 - Loss: 0.7360
2025-04-22 16:02:42,844 - train - INFO - Epoch 5/5 - Training completed: Loss=0.5472, Accuracy=0.6808
2025-04-22 16:02:42,844 - train - INFO - Epoch 5/5 - Validation phase started
2025-04-22 16:02:43,429 - train - INFO - Epoch 5/5 - Validation completed: Loss=0.5400, Accuracy=0.7228
2025-04-22 16:02:44,666 - train - INFO - Checkpoint saved at /mnt/d/deepfake_detector/trained_models/0422_16h01m32s_model/checkpoints/model_epoch_5.pt
2025-04-22 16:02:45,561 - train - INFO - Loaded best model from epoch 4 with validation loss: 0.5145
2025-04-22 16:02:45,561 - train - INFO - Training completed in 20.48 seconds (0.34 minutes)
2025-04-22 16:02:45,980 - __main__ - INFO - Training complete. Final model saved to /mnt/d/deepfake_detector/trained_models/0422_16h01m32s_model/final_model.pt
2025-04-22 16:02:45,981 - __main__ - INFO - Best model was from epoch 4 with validation loss: 0.5145
2025-04-22 16:02:45,981 - __main__ - INFO - Total training time: 0.34 minutes
2025-04-22 16:07:08,418 - __main__ - INFO - Starting main training loop.
2025-04-22 16:07:08,421 - __main__ - INFO - Arguments parsed: Namespace(real_dir='/mnt/d/deepfake_detector/deepfake_dataset/original_sequences', fake_dir='/mnt/d/deepfake_detector/deepfake_dataset/manipulated_sequences', device='cuda', output_dir='/mnt/d/deepfake_detector/trained_models', cache_dir='/mnt/d/deepfake_detector/preprocessed_cache', force_reprocess=False)
2025-04-22 16:07:08,421 - __main__ - INFO - Using device: cuda
2025-04-22 16:07:08,421 - __main__ - INFO - Hyperparameters: batch_size=64, num_frames=32, epochs=5, lr=0.0010
2025-04-22 16:07:08,431 - __main__ - INFO - Final model directory: /mnt/d/deepfake_detector/trained_models/0422_16h07m08s_model
2025-04-22 16:07:08,499 - __main__ - INFO - Checkpoint directory: /mnt/d/deepfake_detector/trained_models/0422_16h07m08s_model/checkpoints
2025-04-22 16:07:08,499 - __main__ - INFO - Creating preprocessor.
2025-04-22 16:07:16,191 - utils.load_models - INFO - Pretrained pSp model loaded successfully.
2025-04-22 16:07:16,692 - preprocessor - INFO - Loading 3D ResNet model.
2025-04-22 16:07:18,323 - utils.load_models - INFO - Pretrained 3D ResNet model loaded successfully.
2025-04-22 16:07:18,459 - __main__ - INFO - Starting video preprocessing...
2025-04-22 16:07:18,473 - preprocess_all_videos - INFO - Processing real videos...
2025-04-22 16:07:18,484 - preprocess_all_videos - INFO - Found 363 videos in /mnt/d/deepfake_detector/deepfake_dataset/original_sequences
2025-04-22 16:07:18,484 - preprocess_all_videos - INFO - Selected first 252 videos for processing
2025-04-22 16:07:38,842 - preprocess_all_videos - INFO - Processing fake videos...
2025-04-22 16:07:38,870 - preprocess_all_videos - INFO - Found 3068 videos in /mnt/d/deepfake_detector/deepfake_dataset/manipulated_sequences
2025-04-22 16:07:38,870 - preprocess_all_videos - INFO - Selected first 252 videos for processing
2025-04-22 16:07:54,409 - preprocess_all_videos - INFO - Total processed videos: 504
2025-04-22 16:07:54,410 - preprocess_all_videos - INFO - Valid videos: 504, Invalid: 0
2025-04-22 16:07:54,410 - preprocess_all_videos - INFO - Total processing time: 35.95 seconds (0.60 minutes)
2025-04-22 16:07:54,420 - preprocess_all_videos - INFO - Time per video: 0.07 seconds
2025-04-22 16:07:54,420 - __main__ - INFO - Creating traing/validation dataloaders.
2025-04-22 16:07:54,424 - dataset - INFO - Train dataset size: 403
2025-04-22 16:07:54,424 - dataset - INFO - Validation dataset size: 101
2025-04-22 16:07:54,426 - __main__ - INFO - Creating DeepfakeDetector model.
2025-04-22 16:07:54,573 - __main__ - INFO - Begin training.
2025-04-22 16:07:54,573 - train - INFO - Begin training model on device: cuda
2025-04-22 16:07:54,573 - train - INFO - Number of epochs: 5, Learning rate: 0.001
2025-04-22 16:07:54,573 - train - INFO - Training data: 7 batches
2025-04-22 16:07:54,573 - train - INFO - Validation data: 2 batches
2025-04-22 16:07:54,628 - train - INFO - Starting training loop
2025-04-22 16:07:54,628 - train - INFO - Epoch 1/5 - Training phase started
2025-04-22 16:07:55,434 - train - INFO - Batch 0 - Loss: 0.7053
2025-04-22 16:07:56,016 - train - INFO - Epoch 1/5 - Training completed: Loss=0.6785, Accuracy=0.5484
2025-04-22 16:07:56,017 - train - INFO - Epoch 1/5 - Validation phase started
2025-04-22 16:07:56,550 - train - INFO - Epoch 1/5 - Validation completed: Loss=1.1362, Accuracy=0.4752
2025-04-22 16:07:57,564 - train - INFO - Checkpoint saved at /mnt/d/deepfake_detector/trained_models/0422_16h07m08s_model/checkpoints/model_epoch_1.pt
2025-04-22 16:08:00,776 - train - INFO - New best model saved at /mnt/d/deepfake_detector/trained_models/0422_16h07m08s_model/checkpoints/best_model.pt with validation loss: 1.1362
2025-04-22 16:08:00,776 - train - INFO - Epoch 2/5 - Training phase started
2025-04-22 16:08:01,540 - train - INFO - Batch 0 - Loss: 1.1601
2025-04-22 16:08:02,155 - train - INFO - Epoch 2/5 - Training completed: Loss=0.6892, Accuracy=0.7146
2025-04-22 16:08:02,155 - train - INFO - Epoch 2/5 - Validation phase started
2025-04-22 16:08:02,744 - train - INFO - Epoch 2/5 - Validation completed: Loss=0.6066, Accuracy=0.6733
2025-04-22 16:08:03,848 - train - INFO - Checkpoint saved at /mnt/d/deepfake_detector/trained_models/0422_16h07m08s_model/checkpoints/model_epoch_2.pt
2025-04-22 16:08:04,900 - train - INFO - New best model saved at /mnt/d/deepfake_detector/trained_models/0422_16h07m08s_model/checkpoints/best_model.pt with validation loss: 0.6066
2025-04-22 16:08:04,900 - train - INFO - Epoch 3/5 - Training phase started
2025-04-22 16:08:05,600 - train - INFO - Batch 0 - Loss: 0.5916
2025-04-22 16:08:06,191 - train - INFO - Epoch 3/5 - Training completed: Loss=0.5606, Accuracy=0.7221
2025-04-22 16:08:06,192 - train - INFO - Epoch 3/5 - Validation phase started
2025-04-22 16:08:06,817 - train - INFO - Epoch 3/5 - Validation completed: Loss=0.5807, Accuracy=0.6733
2025-04-22 16:08:07,763 - train - INFO - Checkpoint saved at /mnt/d/deepfake_detector/trained_models/0422_16h07m08s_model/checkpoints/model_epoch_3.pt
2025-04-22 16:08:08,748 - train - INFO - New best model saved at /mnt/d/deepfake_detector/trained_models/0422_16h07m08s_model/checkpoints/best_model.pt with validation loss: 0.5807
2025-04-22 16:08:08,749 - train - INFO - Epoch 4/5 - Training phase started
2025-04-22 16:08:09,407 - train - INFO - Batch 0 - Loss: 0.4963
2025-04-22 16:08:09,953 - train - INFO - Epoch 4/5 - Training completed: Loss=0.5280, Accuracy=0.7320
2025-04-22 16:08:09,954 - train - INFO - Epoch 4/5 - Validation phase started
2025-04-22 16:08:10,473 - train - INFO - Epoch 4/5 - Validation completed: Loss=0.5521, Accuracy=0.6733
2025-04-22 16:08:11,342 - train - INFO - Checkpoint saved at /mnt/d/deepfake_detector/trained_models/0422_16h07m08s_model/checkpoints/model_epoch_4.pt
2025-04-22 16:08:12,222 - train - INFO - New best model saved at /mnt/d/deepfake_detector/trained_models/0422_16h07m08s_model/checkpoints/best_model.pt with validation loss: 0.5521
2025-04-22 16:08:12,222 - train - INFO - Epoch 5/5 - Training phase started
2025-04-22 16:08:12,868 - train - INFO - Batch 0 - Loss: 0.4891
2025-04-22 16:08:13,447 - train - INFO - Epoch 5/5 - Training completed: Loss=0.5408, Accuracy=0.7543
2025-04-22 16:08:13,447 - train - INFO - Epoch 5/5 - Validation phase started
2025-04-22 16:08:14,002 - train - INFO - Epoch 5/5 - Validation completed: Loss=0.5138, Accuracy=0.7822
2025-04-22 16:08:15,220 - train - INFO - Checkpoint saved at /mnt/d/deepfake_detector/trained_models/0422_16h07m08s_model/checkpoints/model_epoch_5.pt
2025-04-22 16:08:16,179 - train - INFO - New best model saved at /mnt/d/deepfake_detector/trained_models/0422_16h07m08s_model/checkpoints/best_model.pt with validation loss: 0.5138
2025-04-22 16:08:17,072 - train - INFO - Loaded best model from epoch 5 with validation loss: 0.5138
2025-04-22 16:08:17,072 - train - INFO - Training completed in 22.49 seconds (0.37 minutes)
2025-04-22 16:08:17,406 - __main__ - INFO - Training complete. Final model saved to /mnt/d/deepfake_detector/trained_models/0422_16h07m08s_model/final_model.pt
2025-04-22 16:08:17,406 - __main__ - INFO - Best model was from epoch 5 with validation loss: 0.5138
2025-04-22 16:08:17,407 - __main__ - INFO - Total training time: 0.37 minutes
